SLURM_JOBID=239662
SLURM_JOB_NODELIST=saliksik-gpu-05
SLURM_NNODES=1
SLURMTMPDIR=
working directory=/scratch1/scratch2/arlan.uy/ERSSNP_CPU_GPU_Framework/main_dir
Requirement already satisfied: pip in /share/home/arlan.uy/.local/lib/python3.7/site-packages (21.2.1)
Requirement already satisfied: pip in /share/home/arlan.uy/.local/lib/python3.7/site-packages (21.2.1)
Requirement already satisfied: pip in /share/home/arlan.uy/.local/lib/python3.7/site-packages (21.2.1)
Requirement already satisfied: pip in /share/home/arlan.uy/.local/lib/python3.7/site-packages (21.2.1)
Requirement already satisfied: pip in /share/home/arlan.uy/.local/lib/python3.7/site-packages (21.2.1)
Requirement already satisfied: pip in /share/home/arlan.uy/.local/lib/python3.7/site-packages (21.2.1)
Requirement already satisfied: pip in /share/home/arlan.uy/.local/lib/python3.7/site-packages (21.2.1)
Requirement already satisfied: pip in /share/home/arlan.uy/.local/lib/python3.7/site-packages (21.2.1)
Requirement already satisfied: appdirs==1.4.3 in /share/hpcc/CPU/anaconda/3-5.3.1/lib/python3.7/site-packages (from -r requirements.txt (line 1)) (1.4.3)
Requirement already satisfied: appdirs==1.4.3 in /share/hpcc/CPU/anaconda/3-5.3.1/lib/python3.7/site-packages (from -r requirements.txt (line 1)) (1.4.3)
Requirement already satisfied: astroid==2.5.6 in /share/home/arlan.uy/.local/lib/python3.7/site-packages (from -r requirements.txt (line 2)) (2.5.6)
Requirement already satisfied: astroid==2.5.6 in /share/home/arlan.uy/.local/lib/python3.7/site-packages (from -r requirements.txt (line 2)) (2.5.6)
Requirement already satisfied: attrs==18.2.0 in /share/hpcc/CPU/anaconda/3-5.3.1/lib/python3.7/site-packages (from -r requirements.txt (line 3)) (18.2.0)
Requirement already satisfied: attrs==18.2.0 in /share/hpcc/CPU/anaconda/3-5.3.1/lib/python3.7/site-packages (from -r requirements.txt (line 3)) (18.2.0)
Requirement already satisfied: click==6.7 in /share/hpcc/CPU/anaconda/3-5.3.1/lib/python3.7/site-packages (from -r requirements.txt (line 4)) (6.7)
Requirement already satisfied: click==6.7 in /share/hpcc/CPU/anaconda/3-5.3.1/lib/python3.7/site-packages (from -r requirements.txt (line 4)) (6.7)
Requirement already satisfied: cycler==0.10.0 in /share/hpcc/CPU/anaconda/3-5.3.1/lib/python3.7/site-packages (from -r requirements.txt (line 5)) (0.10.0)
Requirement already satisfied: cycler==0.10.0 in /share/hpcc/CPU/anaconda/3-5.3.1/lib/python3.7/site-packages (from -r requirements.txt (line 5)) (0.10.0)
Requirement already satisfied: graphviz==0.10.1 in /share/home/arlan.uy/.local/lib/python3.7/site-packages (from -r requirements.txt (line 6)) (0.10.1)
Requirement already satisfied: graphviz==0.10.1 in /share/home/arlan.uy/.local/lib/python3.7/site-packages (from -r requirements.txt (line 6)) (0.10.1)
Requirement already satisfied: greenery==3.1 in /share/home/arlan.uy/.local/lib/python3.7/site-packages (from -r requirements.txt (line 7)) (3.1)
Requirement already satisfied: greenery==3.1 in /share/home/arlan.uy/.local/lib/python3.7/site-packages (from -r requirements.txt (line 7)) (3.1)
Requirement already satisfied: isort==4.3.4 in /share/hpcc/CPU/anaconda/3-5.3.1/lib/python3.7/site-packages (from -r requirements.txt (line 8)) (4.3.4)
Requirement already satisfied: isort==4.3.4 in /share/hpcc/CPU/anaconda/3-5.3.1/lib/python3.7/site-packages (from -r requirements.txt (line 8)) (4.3.4)
Requirement already satisfied: kiwisolver==1.0.1 in /share/hpcc/CPU/anaconda/3-5.3.1/lib/python3.7/site-packages (from -r requirements.txt (line 9)) (1.0.1)
Requirement already satisfied: kiwisolver==1.0.1 in /share/hpcc/CPU/anaconda/3-5.3.1/lib/python3.7/site-packages (from -r requirements.txt (line 9)) (1.0.1)
Requirement already satisfied: lazy-object-proxy==1.4.0 in /share/home/arlan.uy/.local/lib/python3.7/site-packages (from -r requirements.txt (line 10)) (1.4.0)
Requirement already satisfied: lazy-object-proxy==1.4.0 in /share/home/arlan.uy/.local/lib/python3.7/site-packages (from -r requirements.txt (line 10)) (1.4.0)
Requirement already satisfied: matplotlib==3.0.0 in /share/home/arlan.uy/.local/lib/python3.7/site-packages (from -r requirements.txt (line 11)) (3.0.0)
Requirement already satisfied: matplotlib==3.0.0 in /share/home/arlan.uy/.local/lib/python3.7/site-packages (from -r requirements.txt (line 11)) (3.0.0)
Requirement already satisfied: mccabe==0.6.1 in /share/hpcc/CPU/anaconda/3-5.3.1/lib/python3.7/site-packages (from -r requirements.txt (line 12)) (0.6.1)
Requirement already satisfied: mccabe==0.6.1 in /share/hpcc/CPU/anaconda/3-5.3.1/lib/python3.7/site-packages (from -r requirements.txt (line 12)) (0.6.1)
Requirement already satisfied: mpmath==1.1.0 in /share/home/arlan.uy/.local/lib/python3.7/site-packages (from -r requirements.txt (line 13)) (1.1.0)
Requirement already satisfied: mpmath==1.1.0 in /share/home/arlan.uy/.local/lib/python3.7/site-packages (from -r requirements.txt (line 13)) (1.1.0)
Requirement already satisfied: numpy==1.15.1 in /share/hpcc/CPU/anaconda/3-5.3.1/lib/python3.7/site-packages (from -r requirements.txt (line 14)) (1.15.1)
Requirement already satisfied: numpy==1.15.1 in /share/hpcc/CPU/anaconda/3-5.3.1/lib/python3.7/site-packages (from -r requirements.txt (line 14)) (1.15.1)
Requirement already satisfied: pandas==0.23.4 in /share/hpcc/CPU/anaconda/3-5.3.1/lib/python3.7/site-packages (from -r requirements.txt (line 15)) (0.23.4)
Requirement already satisfied: pandas==0.23.4 in /share/hpcc/CPU/anaconda/3-5.3.1/lib/python3.7/site-packages (from -r requirements.txt (line 15)) (0.23.4)
Requirement already satisfied: pylint==2.3.1 in /share/home/arlan.uy/.local/lib/python3.7/site-packages (from -r requirements.txt (line 16)) (2.3.1)
Requirement already satisfied: pylint==2.3.1 in /share/home/arlan.uy/.local/lib/python3.7/site-packages (from -r requirements.txt (line 16)) (2.3.1)
Requirement already satisfied: pyparsing==2.2.2 in /share/home/arlan.uy/.local/lib/python3.7/site-packages (from -r requirements.txt (line 17)) (2.2.2)
Requirement already satisfied: pyparsing==2.2.2 in /share/home/arlan.uy/.local/lib/python3.7/site-packages (from -r requirements.txt (line 17)) (2.2.2)
Requirement already satisfied: python-dateutil==2.7.3 in /share/hpcc/CPU/anaconda/3-5.3.1/lib/python3.7/site-packages (from -r requirements.txt (line 18)) (2.7.3)
Requirement already satisfied: python-dateutil==2.7.3 in /share/hpcc/CPU/anaconda/3-5.3.1/lib/python3.7/site-packages (from -r requirements.txt (line 18)) (2.7.3)
Requirement already satisfied: pytz==2018.5 in /share/hpcc/CPU/anaconda/3-5.3.1/lib/python3.7/site-packages (from -r requirements.txt (line 19)) (2018.5)
Requirement already satisfied: pytz==2018.5 in /share/hpcc/CPU/anaconda/3-5.3.1/lib/python3.7/site-packages (from -r requirements.txt (line 19)) (2018.5)
Requirement already satisfied: six==1.11.0 in /share/hpcc/CPU/anaconda/3-5.3.1/lib/python3.7/site-packages (from -r requirements.txt (line 20)) (1.11.0)
Requirement already satisfied: six==1.11.0 in /share/hpcc/CPU/anaconda/3-5.3.1/lib/python3.7/site-packages (from -r requirements.txt (line 20)) (1.11.0)
Requirement already satisfied: toml==0.9.6 in /share/home/arlan.uy/.local/lib/python3.7/site-packages (from -r requirements.txt (line 21)) (0.9.6)
Requirement already satisfied: toml==0.9.6 in /share/home/arlan.uy/.local/lib/python3.7/site-packages (from -r requirements.txt (line 21)) (0.9.6)
Requirement already satisfied: typed-ast==1.4.0 in /share/home/arlan.uy/.local/lib/python3.7/site-packages (from -r requirements.txt (line 22)) (1.4.0)
Requirement already satisfied: typed-ast==1.4.0 in /share/home/arlan.uy/.local/lib/python3.7/site-packages (from -r requirements.txt (line 22)) (1.4.0)
Requirement already satisfied: wrapt==1.12.1 in /share/home/arlan.uy/.local/lib/python3.7/site-packages (from -r requirements.txt (line 23)) (1.12.1)
Requirement already satisfied: wrapt==1.12.1 in /share/home/arlan.uy/.local/lib/python3.7/site-packages (from -r requirements.txt (line 23)) (1.12.1)
Requirement already satisfied: pyyaml==5.4.1 in /share/home/arlan.uy/.local/lib/python3.7/site-packages (from -r requirements.txt (line 24)) (5.4.1)
Requirement already satisfied: pyyaml==5.4.1 in /share/home/arlan.uy/.local/lib/python3.7/site-packages (from -r requirements.txt (line 24)) (5.4.1)
Requirement already satisfied: pycuda==2019.1.2 in /share/home/arlan.uy/.local/lib/python3.7/site-packages (from -r requirements.txt (line 25)) (2019.1.2)
Requirement already satisfied: pycuda==2019.1.2 in /share/home/arlan.uy/.local/lib/python3.7/site-packages (from -r requirements.txt (line 25)) (2019.1.2)
Requirement already satisfied: setuptools in /share/hpcc/CPU/anaconda/3-5.3.1/lib/python3.7/site-packages (from kiwisolver==1.0.1->-r requirements.txt (line 9)) (40.2.0)
Requirement already satisfied: setuptools in /share/hpcc/CPU/anaconda/3-5.3.1/lib/python3.7/site-packages (from kiwisolver==1.0.1->-r requirements.txt (line 9)) (40.2.0)
Requirement already satisfied: mako in /share/home/arlan.uy/.local/lib/python3.7/site-packages (from pycuda==2019.1.2->-r requirements.txt (line 25)) (1.1.4)
Requirement already satisfied: mako in /share/home/arlan.uy/.local/lib/python3.7/site-packages (from pycuda==2019.1.2->-r requirements.txt (line 25)) (1.1.4)
Requirement already satisfied: decorator>=3.2.0 in /share/hpcc/CPU/anaconda/3-5.3.1/lib/python3.7/site-packages (from pycuda==2019.1.2->-r requirements.txt (line 25)) (4.3.0)
Requirement already satisfied: decorator>=3.2.0 in /share/hpcc/CPU/anaconda/3-5.3.1/lib/python3.7/site-packages (from pycuda==2019.1.2->-r requirements.txt (line 25)) (4.3.0)
Requirement already satisfied: pytools>=2011.2 in /share/home/arlan.uy/.local/lib/python3.7/site-packages (from pycuda==2019.1.2->-r requirements.txt (line 25)) (2021.2.7)
Requirement already satisfied: pytools>=2011.2 in /share/home/arlan.uy/.local/lib/python3.7/site-packages (from pycuda==2019.1.2->-r requirements.txt (line 25)) (2021.2.7)
Requirement already satisfied: MarkupSafe>=0.9.2 in /share/hpcc/CPU/anaconda/3-5.3.1/lib/python3.7/site-packages (from mako->pycuda==2019.1.2->-r requirements.txt (line 25)) (1.0)
Requirement already satisfied: MarkupSafe>=0.9.2 in /share/hpcc/CPU/anaconda/3-5.3.1/lib/python3.7/site-packages (from mako->pycuda==2019.1.2->-r requirements.txt (line 25)) (1.0)
Menu
 Enter a number of your choice: (1) Create a new evolutionary process w/ autosave
 (2) Load an evolutionary process from a configuration file: 
menu choice is  1
Given the choices of logic gates (1) AND, (2) OR, (3) NOT, (4) ADD, (5) SUB
Given the choices of version of the systems to evolve (1) minimal, (2) adversarial, (3) extra rules, (4) user-defined
Of the Parent Selection methods:
 0. **Top 50% of the population**
1. **25% of the population based on random**
2. **Top 25% + 25% of the population based on fitness**
Of the Fitness Selection methods:
 0. Longest Common Subsequence
1. Longest Common Substring
2. Edit Distance Method
Menu
 Enter a number of your choice: (1) Create a new evolutionary process w/ autosave
 (2) Load an evolutionary process from a configuration file: 
menu choice is  1
Given the choices of logic gates (1) AND, (2) OR, (3) NOT, (4) ADD, (5) SUB
Given the choices of version of the systems to evolve (1) minimal, (2) adversarial, (3) extra rules, (4) user-defined
Of the Parent Selection methods:
 0. **Top 50% of the population**
1. **25% of the population based on random**
2. **Top 25% + 25% of the population based on fitness**
Of the Fitness Selection methods:
 0. Longest Common Subsequence
1. Longest Common Substring
2. Edit Distance Method
Now executing experiment involving /scratch1/scratch2/arlan.uy/ERSSNP_CPU_GPU_Framework/main_dir/load_directory/cpuaddextra22.yaml
Starting anew
Run index # 0
run index at  0
run index is 0 gen index is 0
Evaluating Gen 0...
result fitness is 100
result fitness is 100
Menu
 Enter a number of your choice: (1) Create a new evolutionary process w/ autosave
 (2) Load an evolutionary process from a configuration file: 
menu choice is  1
Given the choices of logic gates (1) AND, (2) OR, (3) NOT, (4) ADD, (5) SUB
Given the choices of version of the systems to evolve (1) minimal, (2) adversarial, (3) extra rules, (4) user-defined
Of the Parent Selection methods:
 0. **Top 50% of the population**
1. **25% of the population based on random**
2. **Top 25% + 25% of the population based on fitness**
Of the Fitness Selection methods:
 0. Longest Common Subsequence
1. Longest Common Substring
2. Edit Distance Method
Now executing experiment involving /scratch1/scratch2/arlan.uy/ERSSNP_CPU_GPU_Framework/main_dir/load_directory/cpuaddextra22.yaml
Starting anew
Run index # 0
run index at  0
Menu
 Enter a number of your choice: (1) Create a new evolutionary process w/ autosave
 (2) Load an evolutionary process from a configuration file: 
menu choice is  1
Given the choices of logic gates (1) AND, (2) OR, (3) NOT, (4) ADD, (5) SUB
Given the choices of version of the systems to evolve (1) minimal, (2) adversarial, (3) extra rules, (4) user-defined
Of the Parent Selection methods:
 0. **Top 50% of the population**
1. **25% of the population based on random**
2. **Top 25% + 25% of the population based on fitness**
Of the Fitness Selection methods:
 0. Longest Common Subsequence
1. Longest Common Substring
2. Edit Distance Method
Now executing experiment involving /scratch1/scratch2/arlan.uy/ERSSNP_CPU_GPU_Framework/main_dir/load_directory/cpuaddextra22.yaml
Starting anew
Run index # 0
run index at  0
run index is 0 gen index is 0
Evaluating Gen 0...
result fitness is 100
Menu
 Enter a number of your choice: (1) Create a new evolutionary process w/ autosave
 (2) Load an evolutionary process from a configuration file: 
menu choice is  1
Given the choices of logic gates (1) AND, (2) OR, (3) NOT, (4) ADD, (5) SUB
Given the choices of version of the systems to evolve (1) minimal, (2) adversarial, (3) extra rules, (4) user-defined
Of the Parent Selection methods:
 0. **Top 50% of the population**
1. **25% of the population based on random**
2. **Top 25% + 25% of the population based on fitness**
Of the Fitness Selection methods:
 0. Longest Common Subsequence
1. Longest Common Substring
2. Edit Distance Method
Now executing experiment involving /scratch1/scratch2/arlan.uy/ERSSNP_CPU_GPU_Framework/main_dir/load_directory/cpuaddextra22.yaml
Starting anew
Run index # 0
run index at  0
run index is 0 gen index is 0
Evaluating Gen 0...
Menu
 Enter a number of your choice: (1) Create a new evolutionary process w/ autosave
 (2) Load an evolutionary process from a configuration file: 
menu choice is  1
Given the choices of logic gates (1) AND, (2) OR, (3) NOT, (4) ADD, (5) SUB
Given the choices of version of the systems to evolve (1) minimal, (2) adversarial, (3) extra rules, (4) user-defined
Of the Parent Selection methods:
 0. **Top 50% of the population**
1. **25% of the population based on random**
2. **Top 25% + 25% of the population based on fitness**
Of the Fitness Selection methods:
 0. Longest Common Subsequence
1. Longest Common Substring
2. Edit Distance Method
Now executing experiment involving /scratch1/scratch2/arlan.uy/ERSSNP_CPU_GPU_Framework/main_dir/load_directory/cpuaddextra22.yaml
Starting anew
Run index # 0
run index at  0
run index is 0 gen index is 0
Evaluating Gen 0...
Menu
 Enter a number of your choice: (1) Create a new evolutionary process w/ autosave
 (2) Load an evolutionary process from a configuration file: 
menu choice is  1
Given the choices of logic gates (1) AND, (2) OR, (3) NOT, (4) ADD, (5) SUB
Given the choices of version of the systems to evolve (1) minimal, (2) adversarial, (3) extra rules, (4) user-defined
Of the Parent Selection methods:
 0. **Top 50% of the population**
1. **25% of the population based on random**
2. **Top 25% + 25% of the population based on fitness**
Of the Fitness Selection methods:
 0. Longest Common Subsequence
1. Longest Common Substring
2. Edit Distance Method
Now executing experiment involving /scratch1/scratch2/arlan.uy/ERSSNP_CPU_GPU_Framework/main_dir/load_directory/cpuaddextra22.yaml
Starting anew
Run index # 0
run index at  0
run index is 0 gen index is 0
Evaluating Gen 0...
Menu
 Enter a number of your choice: (1) Create a new evolutionary process w/ autosave
 (2) Load an evolutionary process from a configuration file: 
menu choice is  1
Given the choices of logic gates (1) AND, (2) OR, (3) NOT, (4) ADD, (5) SUB
Given the choices of version of the systems to evolve (1) minimal, (2) adversarial, (3) extra rules, (4) user-defined
Of the Parent Selection methods:
 0. **Top 50% of the population**
1. **25% of the population based on random**
2. **Top 25% + 25% of the population based on fitness**
Of the Fitness Selection methods:
 0. Longest Common Subsequence
1. Longest Common Substring
2. Edit Distance Method
Now executing experiment involving /scratch1/scratch2/arlan.uy/ERSSNP_CPU_GPU_Framework/main_dir/load_directory/cpuaddextra22.yaml
Starting anew
Run index # 0
run index at  0
run index is 0 gen index is 0
Evaluating Gen 0...
result fitness is 100
result fitness is 100
result fitness is 100
result fitness is 100
result fitness is 100
result fitness is 100
result fitness is 100
result fitness is 100
result fitness is 100
result fitness is 100
result fitness is 100
result fitness is 100
result fitness is 100
result fitness is 100
result fitness is 100
result fitness is 100
result fitness is 100
result fitness is 100
result fitness is 100
result fitness is 100
result fitness is 100
result fitness is 100
result fitness is 100
result fitness is 100
result fitness is 100
result fitness is 100
result fitness is 100
result fitness is 100
result fitness is 100
result fitness is 100
result fitness is 100
result fitness is 100
result fitness is 100
result fitness is 100
result fitness is 100
result fitness is 100
result fitness is 100
result fitness is 100
result fitness is 100
result fitness is 100
best fitness got among generation is 100
best chromosome indexes are  [0, 1, 2, 3, 4, 5, 6, 7, 8, 9, 10, 11, 12, 13, 14, 15, 16, 17, 18, 19, 20, 21, 22, 23, 24, 25, 26, 27, 28, 29, 30, 31, 32, 33, 34, 35, 36, 37, 38, 39]
Crossover: 0
parents returned by selection are  20
run index is 0 gen index is 1
Evaluating Gen 1...
result fitness is 100
result fitness is 100
result fitness is 100
result fitness is 100
result fitness is 100
result fitness is 100
result fitness is 100
result fitness is 100
result fitness is 100
result fitness is 100
result fitness is 100
result fitness is 100
result fitness is 100
result fitness is 100
result fitness is 100
result fitness is 100
result fitness is 100
result fitness is 100
result fitness is 100
result fitness is 100
result fitness is 100
result fitness is 81
result fitness is 100
result fitness is 74
result fitness is 81
result fitness is 73
result fitness is 100
result fitness is 100
result fitness is 74
result fitness is 100
result fitness is 100
result fitness is 100
result fitness is 100
result fitness is 73
result fitness is 100
result fitness is 81
result fitness is 100
result fitness is 100
result fitness is 74
result fitness is 100
best fitness got among generation is 100
best chromosome indexes are  [0, 1, 2, 3, 4, 5, 6, 7, 8, 9, 10, 11, 12, 13, 14, 15, 16, 17, 18, 19, 20, 22, 26, 27, 29, 30, 31, 32, 34, 36, 37, 39]
Crossover: 1
parents returned by selection are  20
Mutation failed
Mutation failed
Mutation failed
run index is 0 gen index is 2
Evaluating Gen 2...
result fitness is 100
result fitness is 100
result fitness is 100
result fitness is 100
result fitness is 100
result fitness is 100
result fitness is 100
result fitness is 100
result fitness is 100
result fitness is 100
result fitness is 100
result fitness is 100
result fitness is 100
result fitness is 100
result fitness is 100
result fitness is 100
result fitness is 100
result fitness is 100
result fitness is 100
result fitness is 100
result fitness is 62
result fitness is 73
result fitness is 73
result fitness is 46
result fitness is 62
result fitness is 81
result fitness is 81
result fitness is 100
result fitness is 63
result fitness is 62
result fitness is 66
result fitness is 100
result fitness is 74
result fitness is 81
result fitness is 64
result fitness is 73
result fitness is 73
result fitness is 81
result fitness is 52
result fitness is 74
best fitness got among generation is 100
best chromosome indexes are  [0, 1, 2, 3, 4, 5, 6, 7, 8, 9, 10, 11, 12, 13, 14, 15, 16, 17, 18, 19, 27, 31]
Crossover: 2
parents returned by selection are  20
Mutation failed
run index is 0 gen index is 3
Evaluating Gen 3...
result fitness is 100
result fitness is 100
result fitness is 100
result fitness is 100
result fitness is 100
result fitness is 100
result fitness is 100
result fitness is 100
result fitness is 100
result fitness is 100
result fitness is 100
result fitness is 100
result fitness is 100
result fitness is 100
result fitness is 100
result fitness is 100
result fitness is 100
result fitness is 100
result fitness is 100
result fitness is 100
result fitness is 74
result fitness is 46
result fitness is 55
result fitness is 62
result fitness is 46
result fitness is 81
result fitness is 46
result fitness is 100
result fitness is 81
result fitness is 73
result fitness is 100
result fitness is 64
result fitness is 46
result fitness is 81
result fitness is 73
result fitness is 100
result fitness is 81
result fitness is 63
result fitness is 73
result fitness is 73
best fitness got among generation is 100
best chromosome indexes are  [0, 1, 2, 3, 4, 5, 6, 7, 8, 9, 10, 11, 12, 13, 14, 15, 16, 17, 18, 19, 27, 30, 35]
Crossover: 3
parents returned by selection are  20
Mutation failed
Mutation failed
run index is 0 gen index is 4
Evaluating Gen 4...
result fitness is 100
result fitness is 100
result fitness is 100
result fitness is 100
result fitness is 100
result fitness is 100
result fitness is 100
result fitness is 100
result fitness is 100
result fitness is 100
result fitness is 100
result fitness is 100
result fitness is 100
result fitness is 100
result fitness is 100
result fitness is 100
result fitness is 100
result fitness is 100
result fitness is 100
result fitness is 100
result fitness is 74
result fitness is 73
result fitness is 81
result fitness is 68
result fitness is 100
result fitness is 73
result fitness is 63
result fitness is 73
result fitness is 73
result fitness is 100
result fitness is 81
result fitness is 100
result fitness is 73
result fitness is 81
result fitness is 65
result fitness is 63
result fitness is 100
result fitness is 56
result fitness is 56
result fitness is 100
best fitness got among generation is 100
best chromosome indexes are  [0, 1, 2, 3, 4, 5, 6, 7, 8, 9, 10, 11, 12, 13, 14, 15, 16, 17, 18, 19, 24, 29, 31, 36, 39]
Crossover: 4
parents returned by selection are  20
run index is 0 gen index is 5
Evaluating Gen 5...
result fitness is 100
result fitness is 100
result fitness is 100
result fitness is 100
result fitness is 100
result fitness is 100
result fitness is 100
result fitness is 100
result fitness is 100
result fitness is 100
result fitness is 100
result fitness is 100
result fitness is 100
result fitness is 100
result fitness is 100
result fitness is 100
result fitness is 100
result fitness is 100
result fitness is 100
result fitness is 100
result fitness is 73
result fitness is 100
result fitness is 73
result fitness is 65
result fitness is 81
result fitness is 100
result fitness is 100
result fitness is 73
result fitness is 73
result fitness is 56
result fitness is 56
result fitness is 81
result fitness is 65
result fitness is 73
result fitness is 74
result fitness is 100
result fitness is 74
result fitness is 100
result fitness is 81
result fitness is 73
best fitness got among generation is 100
best chromosome indexes are  [0, 1, 2, 3, 4, 5, 6, 7, 8, 9, 10, 11, 12, 13, 14, 15, 16, 17, 18, 19, 21, 25, 26, 35, 37]
Crossover: 5
parents returned by selection are  20
Mutation failed
Mutation failed
run index is 0 gen index is 6
Evaluating Gen 6...
result fitness is 100
result fitness is 100
result fitness is 100
result fitness is 100
result fitness is 100
result fitness is 100
result fitness is 100
result fitness is 100
result fitness is 100
result fitness is 100
result fitness is 100
result fitness is 100
result fitness is 100
result fitness is 100
result fitness is 100
result fitness is 100
result fitness is 100
result fitness is 100
result fitness is 100
result fitness is 100
result fitness is 63
result fitness is 73
result fitness is 68
result fitness is 62
result fitness is 73
result fitness is 81
result fitness is 100
result fitness is 74
result fitness is 64
result fitness is 100
result fitness is 63
result fitness is 63
result fitness is 73
result fitness is 100
result fitness is 81
result fitness is 73
result fitness is 100
result fitness is 55
result fitness is 65
result fitness is 100
best fitness got among generation is 100
best chromosome indexes are  [0, 1, 2, 3, 4, 5, 6, 7, 8, 9, 10, 11, 12, 13, 14, 15, 16, 17, 18, 19, 26, 29, 33, 36, 39]
Crossover: 6
parents returned by selection are  20
run index is 0 gen index is 7
Evaluating Gen 7...
result fitness is 100
result fitness is 100
result fitness is 100
result fitness is 100
result fitness is 100
result fitness is 100
result fitness is 100
result fitness is 100
result fitness is 100
result fitness is 100
result fitness is 100
result fitness is 100
result fitness is 100
result fitness is 100
result fitness is 100
result fitness is 100
result fitness is 100
result fitness is 100
result fitness is 100
result fitness is 100
result fitness is 100
result fitness is 65
result fitness is 65
result fitness is 64
result fitness is 66
result fitness is 100
result fitness is 100
result fitness is 73
result fitness is 74
result fitness is 73
result fitness is 100
result fitness is 68
result fitness is 73
result fitness is 73
result fitness is 73
result fitness is 73
result fitness is 73
result fitness is 63
result fitness is 81
result fitness is 63
best fitness got among generation is 100
best chromosome indexes are  [0, 1, 2, 3, 4, 5, 6, 7, 8, 9, 10, 11, 12, 13, 14, 15, 16, 17, 18, 19, 20, 25, 26, 30]
Crossover: 7
parents returned by selection are  20
Mutation failed
Mutation failed
Mutation failed
Mutation failed
Mutation failed
Mutation failed
run index is 0 gen index is 8
Evaluating Gen 8...
result fitness is 100
result fitness is 100
result fitness is 100
result fitness is 100
result fitness is 100
result fitness is 100
result fitness is 100
result fitness is 100
result fitness is 100
result fitness is 100
result fitness is 100
result fitness is 100
result fitness is 100
result fitness is 100
result fitness is 100
result fitness is 100
result fitness is 100
result fitness is 100
result fitness is 100
result fitness is 100
result fitness is 100
result fitness is 100
result fitness is 100
result fitness is 100
result fitness is 73
result fitness is 73
result fitness is 100
result fitness is 73
result fitness is 58
result fitness is 81
result fitness is 100
result fitness is 81
result fitness is 81
result fitness is 52
result fitness is 73
result fitness is 73
result fitness is 100
result fitness is 100
result fitness is 100
result fitness is 100
best fitness got among generation is 100
best chromosome indexes are  [0, 1, 2, 3, 4, 5, 6, 7, 8, 9, 10, 11, 12, 13, 14, 15, 16, 17, 18, 19, 20, 21, 22, 23, 26, 30, 36, 37, 38, 39]
Crossover: 8
parents returned by selection are  20
run index is 0 gen index is 9
Evaluating Gen 9...
result fitness is 100
result fitness is 100
result fitness is 100
result fitness is 100
result fitness is 100
result fitness is 100
result fitness is 100
result fitness is 100
result fitness is 100
result fitness is 100
result fitness is 100
result fitness is 100
result fitness is 100
result fitness is 100
result fitness is 100
result fitness is 100
result fitness is 100
result fitness is 100
result fitness is 100
result fitness is 100
result fitness is 73
result fitness is 46
result fitness is 81
result fitness is 100
result fitness is 100
result fitness is 81
result fitness is 100
result fitness is 100
result fitness is 81
result fitness is 73
result fitness is 100
result fitness is 73
result fitness is 73
result fitness is 100
result fitness is 63
result fitness is 73
result fitness is 100
result fitness is 65
result fitness is 46
result fitness is 73
best fitness got among generation is 100
best chromosome indexes are  [0, 1, 2, 3, 4, 5, 6, 7, 8, 9, 10, 11, 12, 13, 14, 15, 16, 17, 18, 19, 23, 24, 26, 27, 30, 33, 36]
Crossover: 9
parents returned by selection are  20
Mutation failed
run index is 0 gen index is 10
Evaluating Gen 10...
result fitness is 100
result fitness is 100
result fitness is 100
result fitness is 100
result fitness is 100
result fitness is 100
result fitness is 100
result fitness is 100
result fitness is 100
result fitness is 100
result fitness is 100
result fitness is 100
result fitness is 100
result fitness is 100
result fitness is 100
result fitness is 100
result fitness is 100
result fitness is 100
result fitness is 100
result fitness is 100
result fitness is 68
result fitness is 64
result fitness is 52
result fitness is 100
result fitness is 73
result fitness is 73
result fitness is 100
result fitness is 73
result fitness is 74
result fitness is 73
result fitness is 81
result fitness is 100
result fitness is 62
result fitness is 65
result fitness is 65
result fitness is 73
result fitness is 100
result fitness is 73
result fitness is 52
result fitness is 81
best fitness got among generation is 100
best chromosome indexes are  [0, 1, 2, 3, 4, 5, 6, 7, 8, 9, 10, 11, 12, 13, 14, 15, 16, 17, 18, 19, 23, 26, 31, 36]
Crossover: 10
parents returned by selection are  20
Mutation failed
run index is 0 gen index is 11
Evaluating Gen 11...
result fitness is 100
result fitness is 100
result fitness is 100
result fitness is 100
result fitness is 100
result fitness is 100
result fitness is 100
result fitness is 100
result fitness is 100
result fitness is 100
result fitness is 100
result fitness is 100
result fitness is 100
result fitness is 100
result fitness is 100
result fitness is 100
result fitness is 100
result fitness is 100
result fitness is 100
result fitness is 100
result fitness is 73
result fitness is 100
result fitness is 63
result fitness is 64
result fitness is 64
result fitness is 81
result fitness is 74
result fitness is 73
result fitness is 74
result fitness is 68
result fitness is 73
result fitness is 100
result fitness is 100
result fitness is 100
result fitness is 74
result fitness is 63
result fitness is 73
result fitness is 66
result fitness is 73
result fitness is 100
best fitness got among generation is 100
best chromosome indexes are  [0, 1, 2, 3, 4, 5, 6, 7, 8, 9, 10, 11, 12, 13, 14, 15, 16, 17, 18, 19, 21, 31, 32, 33, 39]
Crossover: 11
parents returned by selection are  20
best fitness got among runs is  100  at index  0
Run index # 1
run index at  1
run index is 1 gen index is 0
Evaluating Gen 0...
result fitness is 100
result fitness is 100
result fitness is 100
result fitness is 100
result fitness is 100
result fitness is 100
result fitness is 100
result fitness is 100
result fitness is 100
result fitness is 100
result fitness is 100
result fitness is 100
result fitness is 100
result fitness is 100
result fitness is 100
result fitness is 100
result fitness is 100
result fitness is 100
result fitness is 100
result fitness is 100
result fitness is 100
result fitness is 100
result fitness is 100
result fitness is 100
result fitness is 100
result fitness is 100
result fitness is 100
result fitness is 100
result fitness is 100
result fitness is 100
result fitness is 100
result fitness is 100
result fitness is 100
result fitness is 100
result fitness is 100
result fitness is 100
result fitness is 100
result fitness is 100
result fitness is 100
result fitness is 100
best fitness got among generation is 100
best chromosome indexes are  [0, 1, 2, 3, 4, 5, 6, 7, 8, 9, 10, 11, 12, 13, 14, 15, 16, 17, 18, 19, 20, 21, 22, 23, 24, 25, 26, 27, 28, 29, 30, 31, 32, 33, 34, 35, 36, 37, 38, 39]
Crossover: 0
parents returned by selection are  20
run index is 1 gen index is 1
Evaluating Gen 1...
result fitness is 100
result fitness is 100
result fitness is 100
result fitness is 100
result fitness is 100
result fitness is 100
result fitness is 100
result fitness is 100
result fitness is 100
result fitness is 100
result fitness is 100
result fitness is 100
result fitness is 100
result fitness is 100
result fitness is 100
result fitness is 100
result fitness is 100
result fitness is 100
result fitness is 100
result fitness is 100
result fitness is 73
result fitness is 73
result fitness is 81
result fitness is 74
result fitness is 73
result fitness is 73
result fitness is 73
result fitness is 63
result fitness is 100
result fitness is 73
result fitness is 74
result fitness is 73
result fitness is 73
result fitness is 74
result fitness is 73
result fitness is 74
result fitness is 100
result fitness is 100
result fitness is 73
result fitness is 73
best fitness got among generation is 100
best chromosome indexes are  [0, 1, 2, 3, 4, 5, 6, 7, 8, 9, 10, 11, 12, 13, 14, 15, 16, 17, 18, 19, 28, 36, 37]
Crossover: 1
parents returned by selection are  20
Mutation failed
run index is 1 gen index is 2
Evaluating Gen 2...
result fitness is 100
result fitness is 100
result fitness is 100
result fitness is 100
result fitness is 100
result fitness is 100
result fitness is 100
result fitness is 100
result fitness is 100
result fitness is 100
result fitness is 100
result fitness is 100
result fitness is 100
result fitness is 100
result fitness is 100
result fitness is 100
result fitness is 100
result fitness is 100
result fitness is 100
result fitness is 100
result fitness is 64
result fitness is 73
result fitness is 63
result fitness is 100
result fitness is 63
result fitness is 73
result fitness is 73
result fitness is 63
result fitness is 81
result fitness is 100
result fitness is 100
result fitness is 73
result fitness is 74
result fitness is 73
result fitness is 73
result fitness is 64
result fitness is 52
result fitness is 73
result fitness is 64
result fitness is 100
best fitness got among generation is 100
best chromosome indexes are  [0, 1, 2, 3, 4, 5, 6, 7, 8, 9, 10, 11, 12, 13, 14, 15, 16, 17, 18, 19, 23, 29, 30, 39]
Crossover: 2
parents returned by selection are  20
Mutation failed
run index is 1 gen index is 3
Evaluating Gen 3...
result fitness is 100
result fitness is 100
result fitness is 100
result fitness is 100
result fitness is 100
result fitness is 100
result fitness is 100
result fitness is 100
result fitness is 100
result fitness is 100
result fitness is 100
result fitness is 100
result fitness is 100
result fitness is 100
result fitness is 100
result fitness is 100
result fitness is 100
result fitness is 100
result fitness is 100
result fitness is 100
result fitness is 73
result fitness is 74
result fitness is 74
result fitness is 81
result fitness is 100
result fitness is 63
result fitness is 64
result fitness is 63
result fitness is 100
result fitness is 65
result fitness is 68
result fitness is 66
result fitness is 73
result fitness is 63
result fitness is 100
result fitness is 100
result fitness is 81
result fitness is 66
result fitness is 65
result fitness is 74
best fitness got among generation is 100
best chromosome indexes are  [0, 1, 2, 3, 4, 5, 6, 7, 8, 9, 10, 11, 12, 13, 14, 15, 16, 17, 18, 19, 24, 28, 34, 35]
Crossover: 3
parents returned by selection are  20
Mutation failed
run index is 1 gen index is 4
Evaluating Gen 4...
result fitness is 100
result fitness is 100
result fitness is 100
result fitness is 100
result fitness is 100
result fitness is 100
result fitness is 100
result fitness is 100
result fitness is 100
result fitness is 100
result fitness is 100
result fitness is 100
result fitness is 100
result fitness is 100
result fitness is 100
result fitness is 100
result fitness is 100
result fitness is 100
result fitness is 100
result fitness is 100
result fitness is 73
result fitness is 100
result fitness is 73
result fitness is 63
result fitness is 74
result fitness is 63
result fitness is 100
result fitness is 63
result fitness is 53
result fitness is 73
result fitness is 73
result fitness is 56
result fitness is 56
result fitness is 63
result fitness is 73
result fitness is 63
result fitness is 100
result fitness is 54
result fitness is 65
result fitness is 74
best fitness got among generation is 100
best chromosome indexes are  [0, 1, 2, 3, 4, 5, 6, 7, 8, 9, 10, 11, 12, 13, 14, 15, 16, 17, 18, 19, 21, 26, 36]
Crossover: 4
parents returned by selection are  20
Mutation failed
Mutation failed
run index is 1 gen index is 5
Evaluating Gen 5...
result fitness is 100
result fitness is 100
result fitness is 100
result fitness is 100
result fitness is 100
result fitness is 100
result fitness is 100
result fitness is 100
result fitness is 100
result fitness is 100
result fitness is 100
result fitness is 100
result fitness is 100
result fitness is 100
result fitness is 100
result fitness is 100
result fitness is 100
result fitness is 100
result fitness is 100
result fitness is 100
result fitness is 100
result fitness is 73
result fitness is 74
result fitness is 58
result fitness is 52
result fitness is 62
result fitness is 46
result fitness is 63
result fitness is 100
result fitness is 73
result fitness is 52
result fitness is 81
result fitness is 81
result fitness is 100
result fitness is 73
result fitness is 81
result fitness is 100
result fitness is 73
result fitness is 66
result fitness is 73
best fitness got among generation is 100
best chromosome indexes are  [0, 1, 2, 3, 4, 5, 6, 7, 8, 9, 10, 11, 12, 13, 14, 15, 16, 17, 18, 19, 20, 28, 33, 36]
Crossover: 5
parents returned by selection are  20
Mutation failed
Mutation failed
run index is 1 gen index is 6
Evaluating Gen 6...
result fitness is 100
result fitness is 100
result fitness is 100
result fitness is 100
result fitness is 100
result fitness is 100
result fitness is 100
result fitness is 100
result fitness is 100
result fitness is 100
result fitness is 100
result fitness is 100
result fitness is 100
result fitness is 100
result fitness is 100
result fitness is 100
result fitness is 100
result fitness is 100
result fitness is 100
result fitness is 100
result fitness is 63
result fitness is 63
result fitness is 73
result fitness is 100
result fitness is 74
result fitness is 100
result fitness is 63
result fitness is 73
result fitness is 63
result fitness is 66
result fitness is 66
result fitness is 81
result fitness is 73
result fitness is 63
result fitness is 73
result fitness is 53
result fitness is 63
result fitness is 66
result fitness is 68
result fitness is 63
best fitness got among generation is 100
best chromosome indexes are  [0, 1, 2, 3, 4, 5, 6, 7, 8, 9, 10, 11, 12, 13, 14, 15, 16, 17, 18, 19, 23, 25]
Crossover: 6
parents returned by selection are  20
Mutation failed
Mutation failed
Mutation failed
run index is 1 gen index is 7
Evaluating Gen 7...
result fitness is 100
result fitness is 100
result fitness is 100
result fitness is 100
result fitness is 100
result fitness is 100
result fitness is 100
result fitness is 100
result fitness is 100
result fitness is 100
result fitness is 100
result fitness is 100
result fitness is 100
result fitness is 100
result fitness is 100
result fitness is 100
result fitness is 100
result fitness is 100
result fitness is 100
result fitness is 100
result fitness is 100
result fitness is 73
result fitness is 81
result fitness is 100
result fitness is 100
result fitness is 73
result fitness is 63
result fitness is 58
result fitness is 52
result fitness is 100
result fitness is 100
result fitness is 55
result fitness is 62
result fitness is 73
result fitness is 100
result fitness is 57
result fitness is 68
result fitness is 62
result fitness is 73
result fitness is 74
best fitness got among generation is 100
best chromosome indexes are  [0, 1, 2, 3, 4, 5, 6, 7, 8, 9, 10, 11, 12, 13, 14, 15, 16, 17, 18, 19, 20, 23, 24, 29, 30, 34]
Crossover: 7
parents returned by selection are  20
Mutation failed
Mutation failed
run index is 1 gen index is 8
Evaluating Gen 8...
result fitness is 100
result fitness is 100
result fitness is 100
result fitness is 100
result fitness is 100
result fitness is 100
result fitness is 100
result fitness is 100
result fitness is 100
result fitness is 100
result fitness is 100
result fitness is 100
result fitness is 100
result fitness is 100
result fitness is 100
result fitness is 100
result fitness is 100
result fitness is 100
result fitness is 100
result fitness is 100
result fitness is 53
result fitness is 65
result fitness is 73
result fitness is 81
result fitness is 63
result fitness is 100
result fitness is 74
result fitness is 52
result fitness is 73
result fitness is 100
result fitness is 81
result fitness is 58
result fitness is 54
result fitness is 81
result fitness is 81
result fitness is 73
result fitness is 73
result fitness is 74
result fitness is 73
result fitness is 74
best fitness got among generation is 100
best chromosome indexes are  [0, 1, 2, 3, 4, 5, 6, 7, 8, 9, 10, 11, 12, 13, 14, 15, 16, 17, 18, 19, 25, 29]
Crossover: 8
parents returned by selection are  20
run index is 1 gen index is 9
Evaluating Gen 9...
result fitness is 100
result fitness is 100
result fitness is 100
result fitness is 100
result fitness is 100
result fitness is 100
result fitness is 100
result fitness is 100
result fitness is 100
result fitness is 100
result fitness is 100
result fitness is 100
result fitness is 100
result fitness is 100
result fitness is 100
result fitness is 100
result fitness is 100
result fitness is 100
result fitness is 100
result fitness is 100
result fitness is 73
result fitness is 100
result fitness is 68
result fitness is 46
result fitness is 81
result fitness is 73
result fitness is 63
result fitness is 81
result fitness is 81
result fitness is 64
result fitness is 68
result fitness is 52
result fitness is 58
result fitness is 81
result fitness is 100
result fitness is 81
result fitness is 81
result fitness is 53
result fitness is 66
result fitness is 73
best fitness got among generation is 100
best chromosome indexes are  [0, 1, 2, 3, 4, 5, 6, 7, 8, 9, 10, 11, 12, 13, 14, 15, 16, 17, 18, 19, 21, 34]
Crossover: 9
parents returned by selection are  20
Mutation failed
Mutation failed
run index is 1 gen index is 10
Evaluating Gen 10...
result fitness is 100
result fitness is 100
result fitness is 100
result fitness is 100
result fitness is 100
result fitness is 100
result fitness is 100
result fitness is 100
result fitness is 100
result fitness is 100
result fitness is 100
result fitness is 100
result fitness is 100
result fitness is 100
result fitness is 100
result fitness is 100
result fitness is 100
result fitness is 100
result fitness is 100
result fitness is 100
result fitness is 81
result fitness is 55
result fitness is 63
result fitness is 63
result fitness is 81
result fitness is 81
result fitness is 46
result fitness is 100
result fitness is 100
result fitness is 74
result fitness is 73
result fitness is 63
result fitness is 52
result fitness is 62
result fitness is 63
result fitness is 100
result fitness is 52
result fitness is 81
result fitness is 46
result fitness is 100
best fitness got among generation is 100
best chromosome indexes are  [0, 1, 2, 3, 4, 5, 6, 7, 8, 9, 10, 11, 12, 13, 14, 15, 16, 17, 18, 19, 27, 28, 35, 39]
Crossover: 10
parents returned by selection are  20
Mutation failed
Mutation failed
Mutation failed
Mutation failed
Mutation failed
run index is 1 gen index is 11
Evaluating Gen 11...
result fitness is 100
result fitness is 100
result fitness is 100
result fitness is 100
result fitness is 100
result fitness is 100
result fitness is 100
result fitness is 100
result fitness is 100
result fitness is 100
result fitness is 100
result fitness is 100
result fitness is 100
result fitness is 100
result fitness is 100
result fitness is 100
result fitness is 100
result fitness is 100
result fitness is 100
result fitness is 100
result fitness is 58
result fitness is 100
result fitness is 63
result fitness is 63
result fitness is 46
result fitness is 100
result fitness is 100
result fitness is 100
result fitness is 100
result fitness is 81
result fitness is 81
result fitness is 57
result fitness is 57
result fitness is 63
result fitness is 100
result fitness is 81
result fitness is 74
result fitness is 81
result fitness is 81
result fitness is 73
best fitness got among generation is 100
best chromosome indexes are  [0, 1, 2, 3, 4, 5, 6, 7, 8, 9, 10, 11, 12, 13, 14, 15, 16, 17, 18, 19, 21, 25, 26, 27, 28, 34]
Crossover: 11
parents returned by selection are  20
Mutation failed
Mutation failed
Mutation failed
Mutation failed
Mutation failed
Mutation failed
Mutation failed
best fitness got among runs is  100  at index  1
Run index # 2
run index at  2
run index is 2 gen index is 0
Evaluating Gen 0...
result fitness is 100
result fitness is 100
result fitness is 100
result fitness is 100
result fitness is 100
result fitness is 100
result fitness is 100
result fitness is 100
result fitness is 100
result fitness is 100
result fitness is 100
result fitness is 100
result fitness is 100
result fitness is 100
result fitness is 100
result fitness is 100
result fitness is 100
result fitness is 100
result fitness is 100
result fitness is 100
result fitness is 100
result fitness is 100
result fitness is 100
result fitness is 100
result fitness is 100
result fitness is 100
result fitness is 100
result fitness is 100
result fitness is 100
result fitness is 100
result fitness is 100
result fitness is 100
result fitness is 100
result fitness is 100
result fitness is 100
result fitness is 100
result fitness is 100
result fitness is 100
result fitness is 100
result fitness is 100
best fitness got among generation is 100
best chromosome indexes are  [0, 1, 2, 3, 4, 5, 6, 7, 8, 9, 10, 11, 12, 13, 14, 15, 16, 17, 18, 19, 20, 21, 22, 23, 24, 25, 26, 27, 28, 29, 30, 31, 32, 33, 34, 35, 36, 37, 38, 39]
Crossover: 0
parents returned by selection are  20
run index is 2 gen index is 1
Evaluating Gen 1...
result fitness is 100
result fitness is 100
result fitness is 100
result fitness is 100
result fitness is 100
result fitness is 100
result fitness is 100
result fitness is 100
result fitness is 100
result fitness is 100
result fitness is 100
result fitness is 100
result fitness is 100
result fitness is 100
result fitness is 100
result fitness is 100
result fitness is 100
result fitness is 100
result fitness is 100
result fitness is 100
result fitness is 73
result fitness is 81
result fitness is 73
result fitness is 63
result fitness is 74
result fitness is 63
result fitness is 100
result fitness is 63
result fitness is 63
result fitness is 73
result fitness is 73
result fitness is 100
result fitness is 81
result fitness is 100
result fitness is 73
result fitness is 63
result fitness is 73
result fitness is 63
result fitness is 73
result fitness is 100
best fitness got among generation is 100
best chromosome indexes are  [0, 1, 2, 3, 4, 5, 6, 7, 8, 9, 10, 11, 12, 13, 14, 15, 16, 17, 18, 19, 26, 31, 33, 39]
Crossover: 1
parents returned by selection are  20
run index is 2 gen index is 2
Evaluating Gen 2...
result fitness is 100
result fitness is 100
result fitness is 100
result fitness is 100
result fitness is 100
result fitness is 100
result fitness is 100
result fitness is 100
result fitness is 100
result fitness is 100
result fitness is 100
result fitness is 100
result fitness is 100
result fitness is 100
result fitness is 100
result fitness is 100
result fitness is 100
result fitness is 100
result fitness is 100
result fitness is 100
result fitness is 74
result fitness is 58
result fitness is 65
result fitness is 73
result fitness is 100
result fitness is 100
result fitness is 100
result fitness is 52
result fitness is 63
result fitness is 73
result fitness is 73
result fitness is 73
result fitness is 100
result fitness is 100
result fitness is 73
result fitness is 64
result fitness is 63
result fitness is 63
result fitness is 58
result fitness is 100
best fitness got among generation is 100
best chromosome indexes are  [0, 1, 2, 3, 4, 5, 6, 7, 8, 9, 10, 11, 12, 13, 14, 15, 16, 17, 18, 19, 24, 25, 26, 32, 33, 39]
Crossover: 2
parents returned by selection are  20
Mutation failed
Mutation failed
Mutation failed
run index is 2 gen index is 3
Evaluating Gen 3...
result fitness is 100
result fitness is 100
result fitness is 100
result fitness is 100
result fitness is 100
result fitness is 100
result fitness is 100
result fitness is 100
result fitness is 100
result fitness is 100
result fitness is 100
result fitness is 100
result fitness is 100
result fitness is 100
result fitness is 100
result fitness is 100
result fitness is 100
result fitness is 100
result fitness is 100
result fitness is 100
result fitness is 73
result fitness is 73
result fitness is 73
result fitness is 46
result fitness is 63
result fitness is 100
result fitness is 73
result fitness is 100
result fitness is 63
result fitness is 81
result fitness is 73
result fitness is 74
result fitness is 73
result fitness is 100
result fitness is 81
result fitness is 74
result fitness is 100
result fitness is 65
result fitness is 63
result fitness is 73
best fitness got among generation is 100
best chromosome indexes are  [0, 1, 2, 3, 4, 5, 6, 7, 8, 9, 10, 11, 12, 13, 14, 15, 16, 17, 18, 19, 25, 27, 33, 36]
Crossover: 3
parents returned by selection are  20
run index is 2 gen index is 4
Evaluating Gen 4...
result fitness is 100
result fitness is 100
result fitness is 100
result fitness is 100
result fitness is 100
result fitness is 100
result fitness is 100
result fitness is 100
result fitness is 100
result fitness is 100
result fitness is 100
result fitness is 100
result fitness is 100
result fitness is 100
result fitness is 100
result fitness is 100
result fitness is 100
result fitness is 100
result fitness is 100
result fitness is 100
result fitness is 73
result fitness is 81
result fitness is 63
result fitness is 73
result fitness is 73
result fitness is 73
result fitness is 73
result fitness is 73
result fitness is 100
result fitness is 73
result fitness is 65
result fitness is 74
result fitness is 74
result fitness is 46
result fitness is 73
result fitness is 63
result fitness is 100
result fitness is 81
result fitness is 65
result fitness is 73
best fitness got among generation is 100
best chromosome indexes are  [0, 1, 2, 3, 4, 5, 6, 7, 8, 9, 10, 11, 12, 13, 14, 15, 16, 17, 18, 19, 28, 36]
Crossover: 4
parents returned by selection are  20
Mutation failed
run index is 2 gen index is 5
Evaluating Gen 5...
result fitness is 100
result fitness is 100
result fitness is 100
result fitness is 100
result fitness is 100
result fitness is 100
result fitness is 100
result fitness is 100
result fitness is 100
result fitness is 100
result fitness is 100
result fitness is 100
result fitness is 100
result fitness is 100
result fitness is 100
result fitness is 100
result fitness is 100
result fitness is 100
result fitness is 100
result fitness is 100
result fitness is 74
result fitness is 81
result fitness is 74
result fitness is 65
result fitness is 62
result fitness is 73
result fitness is 74
result fitness is 52
result fitness is 52
result fitness is 65
result fitness is 63
result fitness is 63
result fitness is 81
result fitness is 68
result fitness is 100
result fitness is 68
result fitness is 73
result fitness is 73
result fitness is 68
result fitness is 100
best fitness got among generation is 100
best chromosome indexes are  [0, 1, 2, 3, 4, 5, 6, 7, 8, 9, 10, 11, 12, 13, 14, 15, 16, 17, 18, 19, 34, 39]
Crossover: 5
parents returned by selection are  20
Mutation failed
Mutation failed
run index is 2 gen index is 6
Evaluating Gen 6...
result fitness is 100
result fitness is 100
result fitness is 100
result fitness is 100
result fitness is 100
result fitness is 100
result fitness is 100
result fitness is 100
result fitness is 100
result fitness is 100
result fitness is 100
result fitness is 100
result fitness is 100
result fitness is 100
result fitness is 100
result fitness is 100
result fitness is 100
result fitness is 100
result fitness is 100
result fitness is 100
result fitness is 81
result fitness is 53
result fitness is 66
result fitness is 63
result fitness is 57
result fitness is 100
result fitness is 81
result fitness is 52
result fitness is 73
result fitness is 63
result fitness is 46
result fitness is 100
result fitness is 63
result fitness is 63
result fitness is 65
result fitness is 100
result fitness is 74
result fitness is 55
result fitness is 68
result fitness is 100
best fitness got among generation is 100
best chromosome indexes are  [0, 1, 2, 3, 4, 5, 6, 7, 8, 9, 10, 11, 12, 13, 14, 15, 16, 17, 18, 19, 25, 31, 35, 39]
Crossover: 6
parents returned by selection are  20
Mutation failed
Mutation failed
Mutation failed
Mutation failed
Mutation failed
Mutation failed
Mutation failed
Mutation failed
Mutation failed
Mutation failed
run index is 2 gen index is 7
Evaluating Gen 7...
result fitness is 100
result fitness is 100
result fitness is 100
result fitness is 100
result fitness is 100
result fitness is 100
result fitness is 100
result fitness is 100
result fitness is 100
result fitness is 100
result fitness is 100
result fitness is 100
result fitness is 100
result fitness is 100
result fitness is 100
result fitness is 100
result fitness is 100
result fitness is 100
result fitness is 100
result fitness is 100
result fitness is 62
result fitness is 73
result fitness is 74
result fitness is 81
result fitness is 100
result fitness is 81
result fitness is 81
result fitness is 52
result fitness is 52
result fitness is 100
result fitness is 58
result fitness is 100
result fitness is 100
result fitness is 63
result fitness is 100
result fitness is 73
result fitness is 73
result fitness is 63
result fitness is 81
result fitness is 100
best fitness got among generation is 100
best chromosome indexes are  [0, 1, 2, 3, 4, 5, 6, 7, 8, 9, 10, 11, 12, 13, 14, 15, 16, 17, 18, 19, 24, 29, 31, 32, 34, 39]
Crossover: 7
parents returned by selection are  20
run index is 2 gen index is 8
Evaluating Gen 8...
result fitness is 100
result fitness is 100
result fitness is 100
result fitness is 100
result fitness is 100
result fitness is 100
result fitness is 100
result fitness is 100
result fitness is 100
result fitness is 100
result fitness is 100
result fitness is 100
result fitness is 100
result fitness is 100
result fitness is 100
result fitness is 100
result fitness is 100
result fitness is 100
result fitness is 100
result fitness is 100
result fitness is 100
result fitness is 52
result fitness is 74
result fitness is 63
result fitness is 73
result fitness is 100
result fitness is 64
result fitness is 100
result fitness is 73
result fitness is 81
result fitness is 73
result fitness is 58
result fitness is 73
result fitness is 100
result fitness is 63
result fitness is 73
result fitness is 64
result fitness is 63
result fitness is 100
result fitness is 100
best fitness got among generation is 100
best chromosome indexes are  [0, 1, 2, 3, 4, 5, 6, 7, 8, 9, 10, 11, 12, 13, 14, 15, 16, 17, 18, 19, 20, 25, 27, 33, 38, 39]
Crossover: 8
parents returned by selection are  20
Mutation failed
run index is 2 gen index is 9
Evaluating Gen 9...
result fitness is 100
result fitness is 100
result fitness is 100
result fitness is 100
result fitness is 100
result fitness is 100
result fitness is 100
result fitness is 100
result fitness is 100
result fitness is 100
result fitness is 100
result fitness is 100
result fitness is 100
result fitness is 100
result fitness is 100
result fitness is 100
result fitness is 100
result fitness is 100
result fitness is 100
result fitness is 100
result fitness is 100
result fitness is 100
result fitness is 100
result fitness is 81
result fitness is 100
result fitness is 52
result fitness is 73
result fitness is 68
result fitness is 73
result fitness is 74
result fitness is 73
result fitness is 74
result fitness is 100
result fitness is 56
result fitness is 46
result fitness is 100
result fitness is 73
result fitness is 74
result fitness is 81
result fitness is 100
best fitness got among generation is 100
best chromosome indexes are  [0, 1, 2, 3, 4, 5, 6, 7, 8, 9, 10, 11, 12, 13, 14, 15, 16, 17, 18, 19, 20, 21, 22, 24, 32, 35, 39]
Crossover: 9
parents returned by selection are  20
Mutation failed
Mutation failed
Mutation failed
Mutation failed
Mutation failed
Mutation failed
Mutation failed
run index is 2 gen index is 10
Evaluating Gen 10...
result fitness is 100
result fitness is 100
result fitness is 100
result fitness is 100
result fitness is 100
result fitness is 100
result fitness is 100
result fitness is 100
result fitness is 100
result fitness is 100
result fitness is 100
result fitness is 100
result fitness is 100
result fitness is 100
result fitness is 100
result fitness is 100
result fitness is 100
result fitness is 100
result fitness is 100
result fitness is 100
result fitness is 100
result fitness is 100
result fitness is 73
result fitness is 74
result fitness is 53
result fitness is 68
result fitness is 68
result fitness is 81
result fitness is 73
result fitness is 56
result fitness is 46
result fitness is 100
result fitness is 100
result fitness is 100
result fitness is 73
result fitness is 46
result fitness is 73
result fitness is 62
result fitness is 62
result fitness is 100
best fitness got among generation is 100
best chromosome indexes are  [0, 1, 2, 3, 4, 5, 6, 7, 8, 9, 10, 11, 12, 13, 14, 15, 16, 17, 18, 19, 20, 21, 31, 32, 33, 39]
Crossover: 10
parents returned by selection are  20
Mutation failed
Mutation failed
run index is 2 gen index is 11
Evaluating Gen 11...
result fitness is 100
result fitness is 100
result fitness is 100
result fitness is 100
result fitness is 100
result fitness is 100
result fitness is 100
result fitness is 100
result fitness is 100
result fitness is 100
result fitness is 100
result fitness is 100
result fitness is 100
result fitness is 100
result fitness is 100
result fitness is 100
result fitness is 100
result fitness is 100
result fitness is 100
result fitness is 100
result fitness is 58
result fitness is 100
result fitness is 63
result fitness is 73
result fitness is 100
result fitness is 73
result fitness is 100
result fitness is 73
result fitness is 66
result fitness is 46
result fitness is 46
result fitness is 100
result fitness is 100
result fitness is 74
result fitness is 63
result fitness is 100
result fitness is 81
result fitness is 73
result fitness is 81
result fitness is 100
best fitness got among generation is 100
best chromosome indexes are  [0, 1, 2, 3, 4, 5, 6, 7, 8, 9, 10, 11, 12, 13, 14, 15, 16, 17, 18, 19, 21, 24, 26, 31, 32, 35, 39]
Crossover: 11
parents returned by selection are  20
best fitness got among runs is  100  at index  2
Run index # 3
run index at  3
run index is 3 gen index is 0
Evaluating Gen 0...
result fitness is 100
result fitness is 100
result fitness is 100
result fitness is 100
result fitness is 100
result fitness is 100
result fitness is 100
result fitness is 100
result fitness is 100
result fitness is 100
result fitness is 100
result fitness is 100
result fitness is 100
result fitness is 100
result fitness is 100
result fitness is 100
result fitness is 100
result fitness is 100
result fitness is 100
result fitness is 100
result fitness is 100
result fitness is 100
result fitness is 100
result fitness is 100
result fitness is 100
result fitness is 100
result fitness is 100
result fitness is 100
result fitness is 100
result fitness is 100
result fitness is 100
result fitness is 100
result fitness is 100
result fitness is 100
result fitness is 100
result fitness is 100
result fitness is 100
result fitness is 100
result fitness is 100
result fitness is 100
best fitness got among generation is 100
best chromosome indexes are  [0, 1, 2, 3, 4, 5, 6, 7, 8, 9, 10, 11, 12, 13, 14, 15, 16, 17, 18, 19, 20, 21, 22, 23, 24, 25, 26, 27, 28, 29, 30, 31, 32, 33, 34, 35, 36, 37, 38, 39]
Crossover: 0
parents returned by selection are  20
run index is 3 gen index is 1
Evaluating Gen 1...
result fitness is 100
result fitness is 100
result fitness is 100
result fitness is 100
result fitness is 100
result fitness is 100
result fitness is 100
result fitness is 100
result fitness is 100
result fitness is 100
result fitness is 100
result fitness is 100
result fitness is 100
result fitness is 100
result fitness is 100
result fitness is 100
result fitness is 100
result fitness is 100
result fitness is 100
result fitness is 100
result fitness is 73
result fitness is 100
result fitness is 100
result fitness is 74
result fitness is 63
result fitness is 73
result fitness is 100
result fitness is 81
result fitness is 73
result fitness is 81
result fitness is 100
result fitness is 73
result fitness is 73
result fitness is 100
result fitness is 100
result fitness is 74
result fitness is 100
result fitness is 100
result fitness is 100
result fitness is 100
best fitness got among generation is 100
best chromosome indexes are  [0, 1, 2, 3, 4, 5, 6, 7, 8, 9, 10, 11, 12, 13, 14, 15, 16, 17, 18, 19, 21, 22, 26, 30, 33, 34, 36, 37, 38, 39]
Crossover: 1
parents returned by selection are  20
run index is 3 gen index is 2
Evaluating Gen 2...
result fitness is 100
result fitness is 100
result fitness is 100
result fitness is 100
result fitness is 100
result fitness is 100
result fitness is 100
result fitness is 100
result fitness is 100
result fitness is 100
result fitness is 100
result fitness is 100
result fitness is 100
result fitness is 100
result fitness is 100
result fitness is 100
result fitness is 100
result fitness is 100
result fitness is 100
result fitness is 100
result fitness is 68
result fitness is 63
result fitness is 74
result fitness is 73
result fitness is 65
result fitness is 73
result fitness is 100
result fitness is 100
result fitness is 100
result fitness is 63
result fitness is 81
result fitness is 73
result fitness is 73
result fitness is 62
result fitness is 81
result fitness is 63
result fitness is 46
result fitness is 66
result fitness is 74
result fitness is 63
best fitness got among generation is 100
best chromosome indexes are  [0, 1, 2, 3, 4, 5, 6, 7, 8, 9, 10, 11, 12, 13, 14, 15, 16, 17, 18, 19, 26, 27, 28]
Crossover: 2
parents returned by selection are  20
Mutation failed
Mutation failed
Mutation failed
Mutation failed
Mutation failed
run index is 3 gen index is 3
Evaluating Gen 3...
result fitness is 100
result fitness is 100
result fitness is 100
result fitness is 100
result fitness is 100
result fitness is 100
result fitness is 100
result fitness is 100
result fitness is 100
result fitness is 100
result fitness is 100
result fitness is 100
result fitness is 100
result fitness is 100
result fitness is 100
result fitness is 100
result fitness is 100
result fitness is 100
result fitness is 100
result fitness is 100
result fitness is 63
result fitness is 73
result fitness is 63
result fitness is 81
result fitness is 74
result fitness is 63
result fitness is 73
result fitness is 58
result fitness is 100
result fitness is 73
result fitness is 73
result fitness is 74
result fitness is 73
result fitness is 46
result fitness is 62
result fitness is 73
result fitness is 100
result fitness is 68
result fitness is 55
result fitness is 100
best fitness got among generation is 100
best chromosome indexes are  [0, 1, 2, 3, 4, 5, 6, 7, 8, 9, 10, 11, 12, 13, 14, 15, 16, 17, 18, 19, 28, 36, 39]
Crossover: 3
parents returned by selection are  20
Mutation failed
run index is 3 gen index is 4
Evaluating Gen 4...
result fitness is 100
result fitness is 100
result fitness is 100
result fitness is 100
result fitness is 100
result fitness is 100
result fitness is 100
result fitness is 100
result fitness is 100
result fitness is 100
result fitness is 100
result fitness is 100
result fitness is 100
result fitness is 100
result fitness is 100
result fitness is 100
result fitness is 100
result fitness is 100
result fitness is 100
result fitness is 100
result fitness is 66
result fitness is 81
result fitness is 81
result fitness is 73
result fitness is 100
result fitness is 74
result fitness is 100
result fitness is 81
result fitness is 73
result fitness is 73
result fitness is 73
result fitness is 46
result fitness is 62
result fitness is 73
result fitness is 100
result fitness is 73
result fitness is 100
result fitness is 74
result fitness is 74
result fitness is 100
best fitness got among generation is 100
best chromosome indexes are  [0, 1, 2, 3, 4, 5, 6, 7, 8, 9, 10, 11, 12, 13, 14, 15, 16, 17, 18, 19, 24, 26, 34, 36, 39]
Crossover: 4
parents returned by selection are  20
Mutation failed
run index is 3 gen index is 5
Evaluating Gen 5...
result fitness is 100
result fitness is 100
result fitness is 100
result fitness is 100
result fitness is 100
result fitness is 100
result fitness is 100
result fitness is 100
result fitness is 100
result fitness is 100
result fitness is 100
result fitness is 100
result fitness is 100
result fitness is 100
result fitness is 100
result fitness is 100
result fitness is 100
result fitness is 100
result fitness is 100
result fitness is 100
result fitness is 63
result fitness is 73
result fitness is 73
result fitness is 81
result fitness is 65
result fitness is 100
result fitness is 100
result fitness is 73
result fitness is 68
result fitness is 63
result fitness is 73
result fitness is 63
result fitness is 46
result fitness is 66
result fitness is 73
result fitness is 73
result fitness is 100
result fitness is 66
result fitness is 66
result fitness is 73
best fitness got among generation is 100
best chromosome indexes are  [0, 1, 2, 3, 4, 5, 6, 7, 8, 9, 10, 11, 12, 13, 14, 15, 16, 17, 18, 19, 25, 26, 36]
Crossover: 5
parents returned by selection are  20
Mutation failed
Mutation failed
run index is 3 gen index is 6
Evaluating Gen 6...
result fitness is 100
result fitness is 100
result fitness is 100
result fitness is 100
result fitness is 100
result fitness is 100
result fitness is 100
result fitness is 100
result fitness is 100
result fitness is 100
result fitness is 100
result fitness is 100
result fitness is 100
result fitness is 100
result fitness is 100
result fitness is 100
result fitness is 100
result fitness is 100
result fitness is 100
result fitness is 100
result fitness is 64
result fitness is 73
result fitness is 54
result fitness is 81
result fitness is 81
result fitness is 73
result fitness is 73
result fitness is 55
result fitness is 66
result fitness is 63
result fitness is 81
result fitness is 63
result fitness is 65
result fitness is 53
result fitness is 46
result fitness is 100
result fitness is 81
result fitness is 68
result fitness is 56
result fitness is 100
best fitness got among generation is 100
best chromosome indexes are  [0, 1, 2, 3, 4, 5, 6, 7, 8, 9, 10, 11, 12, 13, 14, 15, 16, 17, 18, 19, 35, 39]
Crossover: 6
parents returned by selection are  20
Mutation failed
run index is 3 gen index is 7
Evaluating Gen 7...
result fitness is 100
result fitness is 100
result fitness is 100
result fitness is 100
result fitness is 100
result fitness is 100
result fitness is 100
result fitness is 100
result fitness is 100
result fitness is 100
result fitness is 100
result fitness is 100
result fitness is 100
result fitness is 100
result fitness is 100
result fitness is 100
result fitness is 100
result fitness is 100
result fitness is 100
result fitness is 100
result fitness is 65
result fitness is 74
result fitness is 100
result fitness is 73
result fitness is 74
result fitness is 46
result fitness is 46
result fitness is 55
result fitness is 55
result fitness is 81
result fitness is 81
result fitness is 100
result fitness is 100
result fitness is 81
result fitness is 62
result fitness is 73
result fitness is 100
result fitness is 81
result fitness is 81
result fitness is 100
best fitness got among generation is 100
best chromosome indexes are  [0, 1, 2, 3, 4, 5, 6, 7, 8, 9, 10, 11, 12, 13, 14, 15, 16, 17, 18, 19, 22, 31, 32, 36, 39]
Crossover: 7
parents returned by selection are  20
Mutation failed
run index is 3 gen index is 8
Evaluating Gen 8...
result fitness is 100
result fitness is 100
result fitness is 100
result fitness is 100
result fitness is 100
result fitness is 100
result fitness is 100
result fitness is 100
result fitness is 100
result fitness is 100
result fitness is 100
result fitness is 100
result fitness is 100
result fitness is 100
result fitness is 100
result fitness is 100
result fitness is 100
result fitness is 100
result fitness is 100
result fitness is 100
result fitness is 100
result fitness is 46
result fitness is 81
result fitness is 81
result fitness is 81
result fitness is 73
result fitness is 100
result fitness is 81
result fitness is 81
result fitness is 73
result fitness is 74
result fitness is 63
result fitness is 100
result fitness is 100
result fitness is 73
result fitness is 81
result fitness is 100
result fitness is 73
result fitness is 65
result fitness is 100
best fitness got among generation is 100
best chromosome indexes are  [0, 1, 2, 3, 4, 5, 6, 7, 8, 9, 10, 11, 12, 13, 14, 15, 16, 17, 18, 19, 20, 26, 32, 33, 36, 39]
Crossover: 8
parents returned by selection are  20
Mutation failed
run index is 3 gen index is 9
Evaluating Gen 9...
result fitness is 100
result fitness is 100
result fitness is 100
result fitness is 100
result fitness is 100
result fitness is 100
result fitness is 100
result fitness is 100
result fitness is 100
result fitness is 100
result fitness is 100
result fitness is 100
result fitness is 100
result fitness is 100
result fitness is 100
result fitness is 100
result fitness is 100
result fitness is 100
result fitness is 100
result fitness is 100
result fitness is 81
result fitness is 81
result fitness is 81
result fitness is 100
result fitness is 100
result fitness is 73
result fitness is 58
result fitness is 100
result fitness is 63
result fitness is 100
result fitness is 100
result fitness is 65
result fitness is 81
result fitness is 73
result fitness is 52
result fitness is 100
result fitness is 63
result fitness is 74
result fitness is 100
result fitness is 100
best fitness got among generation is 100
best chromosome indexes are  [0, 1, 2, 3, 4, 5, 6, 7, 8, 9, 10, 11, 12, 13, 14, 15, 16, 17, 18, 19, 23, 24, 27, 29, 30, 35, 38, 39]
Crossover: 9
parents returned by selection are  20
run index is 3 gen index is 10
Evaluating Gen 10...
result fitness is 100
result fitness is 100
result fitness is 100
result fitness is 100
result fitness is 100
result fitness is 100
result fitness is 100
result fitness is 100
result fitness is 100
result fitness is 100
result fitness is 100
result fitness is 100
result fitness is 100
result fitness is 100
result fitness is 100
result fitness is 100
result fitness is 100
result fitness is 100
result fitness is 100
result fitness is 100
result fitness is 100
result fitness is 100
result fitness is 100
result fitness is 100
result fitness is 100
result fitness is 74
result fitness is 81
result fitness is 100
result fitness is 100
result fitness is 100
result fitness is 73
result fitness is 63
result fitness is 81
result fitness is 73
result fitness is 65
result fitness is 53
result fitness is 62
result fitness is 52
result fitness is 52
result fitness is 73
best fitness got among generation is 100
best chromosome indexes are  [0, 1, 2, 3, 4, 5, 6, 7, 8, 9, 10, 11, 12, 13, 14, 15, 16, 17, 18, 19, 20, 21, 22, 23, 24, 27, 28, 29]
Crossover: 10
parents returned by selection are  20
Mutation failed
run index is 3 gen index is 11
Evaluating Gen 11...
result fitness is 100
result fitness is 100
result fitness is 100
result fitness is 100
result fitness is 100
result fitness is 100
result fitness is 100
result fitness is 100
result fitness is 100
result fitness is 100
result fitness is 100
result fitness is 100
result fitness is 100
result fitness is 100
result fitness is 100
result fitness is 100
result fitness is 100
result fitness is 100
result fitness is 100
result fitness is 100
result fitness is 100
result fitness is 63
result fitness is 74
result fitness is 46
result fitness is 73
result fitness is 46
result fitness is 55
result fitness is 81
result fitness is 100
result fitness is 100
result fitness is 74
result fitness is 100
result fitness is 63
result fitness is 73
result fitness is 63
result fitness is 81
result fitness is 46
result fitness is 73
result fitness is 74
result fitness is 100
best fitness got among generation is 100
best chromosome indexes are  [0, 1, 2, 3, 4, 5, 6, 7, 8, 9, 10, 11, 12, 13, 14, 15, 16, 17, 18, 19, 20, 28, 29, 31, 39]
Crossover: 11
parents returned by selection are  20
Mutation failed
Mutation failed
Mutation failed
best fitness got among runs is  100  at index  3
Run index # 4
run index at  4
run index is 4 gen index is 0
Evaluating Gen 0...
result fitness is 100
result fitness is 100
result fitness is 100
result fitness is 100
result fitness is 100
result fitness is 100
result fitness is 100
result fitness is 100
result fitness is 100
result fitness is 100
result fitness is 100
result fitness is 100
result fitness is 100
result fitness is 100
result fitness is 100
result fitness is 100
result fitness is 100
result fitness is 100
result fitness is 100
result fitness is 100
result fitness is 100
result fitness is 100
result fitness is 100
result fitness is 100
result fitness is 100
result fitness is 100
result fitness is 100
result fitness is 100
result fitness is 100
result fitness is 100
result fitness is 100
result fitness is 100
result fitness is 100
result fitness is 100
result fitness is 100
result fitness is 100
result fitness is 100
result fitness is 100
result fitness is 100
result fitness is 100
best fitness got among generation is 100
best chromosome indexes are  [0, 1, 2, 3, 4, 5, 6, 7, 8, 9, 10, 11, 12, 13, 14, 15, 16, 17, 18, 19, 20, 21, 22, 23, 24, 25, 26, 27, 28, 29, 30, 31, 32, 33, 34, 35, 36, 37, 38, 39]
Crossover: 0
parents returned by selection are  20
run index is 4 gen index is 1
Evaluating Gen 1...
result fitness is 100
result fitness is 100
result fitness is 100
result fitness is 100
result fitness is 100
result fitness is 100
result fitness is 100
result fitness is 100
result fitness is 100
result fitness is 100
result fitness is 100
result fitness is 100
result fitness is 100
result fitness is 100
result fitness is 100
result fitness is 100
result fitness is 100
result fitness is 100
result fitness is 100
result fitness is 100
result fitness is 100
result fitness is 100
result fitness is 73
result fitness is 81
result fitness is 100
result fitness is 81
result fitness is 100
result fitness is 100
result fitness is 100
result fitness is 100
result fitness is 100
result fitness is 73
result fitness is 81
result fitness is 63
result fitness is 100
result fitness is 100
result fitness is 63
result fitness is 81
result fitness is 63
result fitness is 74
best fitness got among generation is 100
best chromosome indexes are  [0, 1, 2, 3, 4, 5, 6, 7, 8, 9, 10, 11, 12, 13, 14, 15, 16, 17, 18, 19, 20, 21, 24, 26, 27, 28, 29, 30, 34, 35]
Crossover: 1
parents returned by selection are  20
Mutation failed
Mutation failed
run index is 4 gen index is 2
Evaluating Gen 2...
result fitness is 100
result fitness is 100
result fitness is 100
result fitness is 100
result fitness is 100
result fitness is 100
result fitness is 100
result fitness is 100
result fitness is 100
result fitness is 100
result fitness is 100
result fitness is 100
result fitness is 100
result fitness is 100
result fitness is 100
result fitness is 100
result fitness is 100
result fitness is 100
result fitness is 100
result fitness is 100
result fitness is 100
result fitness is 63
result fitness is 81
result fitness is 100
result fitness is 65
result fitness is 74
result fitness is 100
result fitness is 100
result fitness is 100
result fitness is 73
result fitness is 81
result fitness is 74
result fitness is 73
result fitness is 74
result fitness is 62
result fitness is 73
result fitness is 100
result fitness is 63
result fitness is 63
result fitness is 100
best fitness got among generation is 100
best chromosome indexes are  [0, 1, 2, 3, 4, 5, 6, 7, 8, 9, 10, 11, 12, 13, 14, 15, 16, 17, 18, 19, 20, 23, 26, 27, 28, 36, 39]
Crossover: 2
parents returned by selection are  20
run index is 4 gen index is 3
Evaluating Gen 3...
result fitness is 100
result fitness is 100
result fitness is 100
result fitness is 100
result fitness is 100
result fitness is 100
result fitness is 100
result fitness is 100
result fitness is 100
result fitness is 100
result fitness is 100
result fitness is 100
result fitness is 100
result fitness is 100
result fitness is 100
result fitness is 100
result fitness is 100
result fitness is 100
result fitness is 100
result fitness is 100
result fitness is 73
result fitness is 63
result fitness is 56
result fitness is 73
result fitness is 73
result fitness is 100
result fitness is 58
result fitness is 81
result fitness is 100
result fitness is 74
result fitness is 74
result fitness is 100
result fitness is 73
result fitness is 46
result fitness is 81
result fitness is 74
result fitness is 73
result fitness is 66
result fitness is 58
result fitness is 100
best fitness got among generation is 100
best chromosome indexes are  [0, 1, 2, 3, 4, 5, 6, 7, 8, 9, 10, 11, 12, 13, 14, 15, 16, 17, 18, 19, 25, 28, 31, 39]
Crossover: 3
parents returned by selection are  20
run index is 4 gen index is 4
Evaluating Gen 4...
result fitness is 100
result fitness is 100
result fitness is 100
result fitness is 100
result fitness is 100
result fitness is 100
result fitness is 100
result fitness is 100
result fitness is 100
result fitness is 100
result fitness is 100
result fitness is 100
result fitness is 100
result fitness is 100
result fitness is 100
result fitness is 100
result fitness is 100
result fitness is 100
result fitness is 100
result fitness is 100
result fitness is 73
result fitness is 46
result fitness is 81
result fitness is 63
result fitness is 73
result fitness is 100
result fitness is 63
result fitness is 68
result fitness is 100
result fitness is 73
result fitness is 100
result fitness is 74
result fitness is 73
result fitness is 73
result fitness is 100
result fitness is 81
result fitness is 73
result fitness is 81
result fitness is 63
result fitness is 81
best fitness got among generation is 100
best chromosome indexes are  [0, 1, 2, 3, 4, 5, 6, 7, 8, 9, 10, 11, 12, 13, 14, 15, 16, 17, 18, 19, 25, 28, 30, 34]
Crossover: 4
parents returned by selection are  20
Mutation failed
Mutation failed
Mutation failed
Mutation failed
Mutation failed
run index is 4 gen index is 5
Evaluating Gen 5...
result fitness is 100
result fitness is 100
result fitness is 100
result fitness is 100
result fitness is 100
result fitness is 100
result fitness is 100
result fitness is 100
result fitness is 100
result fitness is 100
result fitness is 100
result fitness is 100
result fitness is 100
result fitness is 100
result fitness is 100
result fitness is 100
result fitness is 100
result fitness is 100
result fitness is 100
result fitness is 100
result fitness is 81
result fitness is 73
result fitness is 63
result fitness is 63
result fitness is 73
result fitness is 73
result fitness is 58
result fitness is 73
result fitness is 52
result fitness is 100
result fitness is 73
result fitness is 52
result fitness is 65
result fitness is 64
result fitness is 73
result fitness is 74
result fitness is 73
result fitness is 63
result fitness is 63
result fitness is 100
best fitness got among generation is 100
best chromosome indexes are  [0, 1, 2, 3, 4, 5, 6, 7, 8, 9, 10, 11, 12, 13, 14, 15, 16, 17, 18, 19, 29, 39]
Crossover: 5
parents returned by selection are  20
Mutation failed
run index is 4 gen index is 6
Evaluating Gen 6...
result fitness is 100
result fitness is 100
result fitness is 100
result fitness is 100
result fitness is 100
result fitness is 100
result fitness is 100
result fitness is 100
result fitness is 100
result fitness is 100
result fitness is 100
result fitness is 100
result fitness is 100
result fitness is 100
result fitness is 100
result fitness is 100
result fitness is 100
result fitness is 100
result fitness is 100
result fitness is 100
result fitness is 73
result fitness is 73
result fitness is 81
result fitness is 63
result fitness is 63
result fitness is 64
result fitness is 64
result fitness is 46
result fitness is 53
result fitness is 100
result fitness is 63
result fitness is 81
result fitness is 74
result fitness is 73
result fitness is 63
result fitness is 81
result fitness is 100
result fitness is 63
result fitness is 46
result fitness is 100
best fitness got among generation is 100
best chromosome indexes are  [0, 1, 2, 3, 4, 5, 6, 7, 8, 9, 10, 11, 12, 13, 14, 15, 16, 17, 18, 19, 29, 36, 39]
Crossover: 6
parents returned by selection are  20
run index is 4 gen index is 7
Evaluating Gen 7...
result fitness is 100
result fitness is 100
result fitness is 100
result fitness is 100
result fitness is 100
result fitness is 100
result fitness is 100
result fitness is 100
result fitness is 100
result fitness is 100
result fitness is 100
result fitness is 100
result fitness is 100
result fitness is 100
result fitness is 100
result fitness is 100
result fitness is 100
result fitness is 100
result fitness is 100
result fitness is 100
result fitness is 73
result fitness is 53
result fitness is 53
result fitness is 73
result fitness is 100
result fitness is 73
result fitness is 63
result fitness is 100
result fitness is 100
result fitness is 63
result fitness is 100
result fitness is 73
result fitness is 73
result fitness is 53
result fitness is 53
result fitness is 81
result fitness is 64
result fitness is 73
result fitness is 74
result fitness is 73
best fitness got among generation is 100
best chromosome indexes are  [0, 1, 2, 3, 4, 5, 6, 7, 8, 9, 10, 11, 12, 13, 14, 15, 16, 17, 18, 19, 24, 27, 28, 30]
Crossover: 7
parents returned by selection are  20
Mutation failed
run index is 4 gen index is 8
Evaluating Gen 8...
result fitness is 100
result fitness is 100
result fitness is 100
result fitness is 100
result fitness is 100
result fitness is 100
result fitness is 100
result fitness is 100
result fitness is 100
result fitness is 100
result fitness is 100
result fitness is 100
result fitness is 100
result fitness is 100
result fitness is 100
result fitness is 100
result fitness is 100
result fitness is 100
result fitness is 100
result fitness is 100
result fitness is 73
result fitness is 81
result fitness is 100
result fitness is 53
result fitness is 53
result fitness is 53
result fitness is 58
result fitness is 81
result fitness is 73
result fitness is 63
result fitness is 73
result fitness is 100
result fitness is 74
result fitness is 81
result fitness is 100
result fitness is 58
result fitness is 58
result fitness is 62
result fitness is 52
result fitness is 74
best fitness got among generation is 100
best chromosome indexes are  [0, 1, 2, 3, 4, 5, 6, 7, 8, 9, 10, 11, 12, 13, 14, 15, 16, 17, 18, 19, 22, 31, 34]
Crossover: 8
parents returned by selection are  20
Mutation failed
run index is 4 gen index is 9
Evaluating Gen 9...
result fitness is 100
result fitness is 100
result fitness is 100
result fitness is 100
result fitness is 100
result fitness is 100
result fitness is 100
result fitness is 100
result fitness is 100
result fitness is 100
result fitness is 100
result fitness is 100
result fitness is 100
result fitness is 100
result fitness is 100
result fitness is 100
result fitness is 100
result fitness is 100
result fitness is 100
result fitness is 100
result fitness is 73
result fitness is 46
result fitness is 81
result fitness is 73
result fitness is 73
result fitness is 74
result fitness is 73
result fitness is 74
result fitness is 63
result fitness is 64
result fitness is 58
result fitness is 73
result fitness is 52
result fitness is 81
result fitness is 81
result fitness is 63
result fitness is 81
result fitness is 73
result fitness is 100
result fitness is 100
best fitness got among generation is 100
best chromosome indexes are  [0, 1, 2, 3, 4, 5, 6, 7, 8, 9, 10, 11, 12, 13, 14, 15, 16, 17, 18, 19, 38, 39]
Crossover: 9
parents returned by selection are  20
Mutation failed
Mutation failed
Mutation failed
Mutation failed
run index is 4 gen index is 10
Evaluating Gen 10...
result fitness is 100
result fitness is 100
result fitness is 100
result fitness is 100
result fitness is 100
result fitness is 100
result fitness is 100
result fitness is 100
result fitness is 100
result fitness is 100
result fitness is 100
result fitness is 100
result fitness is 100
result fitness is 100
result fitness is 100
result fitness is 100
result fitness is 100
result fitness is 100
result fitness is 100
result fitness is 100
result fitness is 73
result fitness is 64
result fitness is 62
result fitness is 46
result fitness is 52
result fitness is 62
result fitness is 46
result fitness is 73
result fitness is 100
result fitness is 74
result fitness is 81
result fitness is 63
result fitness is 100
result fitness is 100
result fitness is 73
result fitness is 46
result fitness is 62
result fitness is 73
result fitness is 53
result fitness is 100
best fitness got among generation is 100
best chromosome indexes are  [0, 1, 2, 3, 4, 5, 6, 7, 8, 9, 10, 11, 12, 13, 14, 15, 16, 17, 18, 19, 28, 32, 33, 39]
Crossover: 10
parents returned by selection are  20
Mutation failed
run index is 4 gen index is 11
Evaluating Gen 11...
result fitness is 100
result fitness is 100
result fitness is 100
result fitness is 100
result fitness is 100
result fitness is 100
result fitness is 100
result fitness is 100
result fitness is 100
result fitness is 100
result fitness is 100
result fitness is 100
result fitness is 100
result fitness is 100
result fitness is 100
result fitness is 100
result fitness is 100
result fitness is 100
result fitness is 100
result fitness is 100
result fitness is 81
result fitness is 58
result fitness is 46
result fitness is 81
result fitness is 65
result fitness is 100
result fitness is 81
result fitness is 74
result fitness is 100
result fitness is 73
result fitness is 65
result fitness is 100
result fitness is 73
result fitness is 63
result fitness is 100
result fitness is 100
result fitness is 74
result fitness is 100
result fitness is 100
result fitness is 63
best fitness got among generation is 100
best chromosome indexes are  [0, 1, 2, 3, 4, 5, 6, 7, 8, 9, 10, 11, 12, 13, 14, 15, 16, 17, 18, 19, 25, 28, 31, 34, 35, 37, 38]
Crossover: 11
parents returned by selection are  20
Mutation failed
Mutation failed
Mutation failed
best fitness got among runs is  100  at index  4
max fit is 100
Likelihood of Evolution Leap:  0.08333333333333333
Likelihood of Optimality:  1.0
Average Fitness Value:  1.0
