>> python-3.8.2 has been loaded.
WARNING: pip is being invoked by an old script wrapper. This will fail in a future version of pip.
Please see https://github.com/pypa/pip/issues/5599 for advice on fixing the underlying issue.
To avoid this problem you can invoke Python with '-m pip' instead of running pip directly.
WARNING: pip is being invoked by an old script wrapper. This will fail in a future version of pip.
Please see https://github.com/pypa/pip/issues/5599 for advice on fixing the underlying issue.
To avoid this problem you can invoke Python with '-m pip' instead of running pip directly.
WARNING: pip is being invoked by an old script wrapper. This will fail in a future version of pip.
Please see https://github.com/pypa/pip/issues/5599 for advice on fixing the underlying issue.
To avoid this problem you can invoke Python with '-m pip' instead of running pip directly.
WARNING: pip is being invoked by an old script wrapper. This will fail in a future version of pip.
Please see https://github.com/pypa/pip/issues/5599 for advice on fixing the underlying issue.
To avoid this problem you can invoke Python with '-m pip' instead of running pip directly.
WARNING: pip is being invoked by an old script wrapper. This will fail in a future version of pip.
Please see https://github.com/pypa/pip/issues/5599 for advice on fixing the underlying issue.
To avoid this problem you can invoke Python with '-m pip' instead of running pip directly.
WARNING: pip is being invoked by an old script wrapper. This will fail in a future version of pip.
Please see https://github.com/pypa/pip/issues/5599 for advice on fixing the underlying issue.
To avoid this problem you can invoke Python with '-m pip' instead of running pip directly.
WARNING: pip is being invoked by an old script wrapper. This will fail in a future version of pip.
Please see https://github.com/pypa/pip/issues/5599 for advice on fixing the underlying issue.
To avoid this problem you can invoke Python with '-m pip' instead of running pip directly.
WARNING: pip is being invoked by an old script wrapper. This will fail in a future version of pip.
Please see https://github.com/pypa/pip/issues/5599 for advice on fixing the underlying issue.
To avoid this problem you can invoke Python with '-m pip' instead of running pip directly.
    ERROR: Command errored out with exit status 1:
     command: /opt/hpcc/CPU/python/3.8.2/bin/python3.8 -c 'import io, os, sys, setuptools, tokenize; sys.argv[0] = '"'"'/tmp/pip-install-lhv3nmz6/greenery_6b95ffafd1f2457f856bacac2e58e68c/setup.py'"'"'; __file__='"'"'/tmp/pip-install-lhv3nmz6/greenery_6b95ffafd1f2457f856bacac2e58e68c/setup.py'"'"';f = getattr(tokenize, '"'"'open'"'"', open)(__file__) if os.path.exists(__file__) else io.StringIO('"'"'from setuptools import setup; setup()'"'"');code = f.read().replace('"'"'\r\n'"'"', '"'"'\n'"'"');f.close();exec(compile(code, __file__, '"'"'exec'"'"'))' egg_info --egg-base /tmp/pip-pip-egg-info-f007_6tq
         cwd: /tmp/pip-install-lhv3nmz6/greenery_6b95ffafd1f2457f856bacac2e58e68c/
    Complete output (11 lines):
    Traceback (most recent call last):
      File "<string>", line 1, in <module>
      File "/opt/hpcc/CPU/python/3.8.2/lib/python3.8/site-packages/setuptools/__init__.py", line 20, in <module>
        from setuptools.dist import Distribution, Feature
      File "/opt/hpcc/CPU/python/3.8.2/lib/python3.8/site-packages/setuptools/dist.py", line 35, in <module>
        from setuptools import windows_support
      File "/opt/hpcc/CPU/python/3.8.2/lib/python3.8/site-packages/setuptools/windows_support.py", line 2, in <module>
        import ctypes
      File "/opt/hpcc/CPU/python/3.8.2/lib/python3.8/ctypes/__init__.py", line 7, in <module>
        from _ctypes import Union, Structure, Array
    ModuleNotFoundError: No module named '_ctypes'
    ----------------------------------------
WARNING: Discarding https://files.pythonhosted.org/packages/82/69/2c2a77e7034650954e54144ea2b88ec8742a81ac69fbe84da319e0e9112c/greenery-3.1.zip#sha256=e2d98192187bc27caa218ae59d5e34a779ec538ecd3ec839c469f36686421a7e (from https://pypi.org/simple/greenery/). Command errored out with exit status 1: python setup.py egg_info Check the logs for full command output.
ERROR: Could not find a version that satisfies the requirement greenery==3.1 (from versions: 1.0, 1.1, 2.0, 2.1, 3.0, 3.1, 3.2, 3.3.1, 3.3.2)
    ERROR: Command errored out with exit status 1:
     command: /opt/hpcc/CPU/python/3.8.2/bin/python3.8 -c 'import io, os, sys, setuptools, tokenize; sys.argv[0] = '"'"'/tmp/pip-install-ay9mx_u3/greenery_928abb9de4f74f5299a3e860ca6338fa/setup.py'"'"'; __file__='"'"'/tmp/pip-install-ay9mx_u3/greenery_928abb9de4f74f5299a3e860ca6338fa/setup.py'"'"';f = getattr(tokenize, '"'"'open'"'"', open)(__file__) if os.path.exists(__file__) else io.StringIO('"'"'from setuptools import setup; setup()'"'"');code = f.read().replace('"'"'\r\n'"'"', '"'"'\n'"'"');f.close();exec(compile(code, __file__, '"'"'exec'"'"'))' egg_info --egg-base /tmp/pip-pip-egg-info-e3pjiwom
         cwd: /tmp/pip-install-ay9mx_u3/greenery_928abb9de4f74f5299a3e860ca6338fa/
    Complete output (11 lines):
    Traceback (most recent call last):
      File "<string>", line 1, in <module>
      File "/opt/hpcc/CPU/python/3.8.2/lib/python3.8/site-packages/setuptools/__init__.py", line 20, in <module>
        from setuptools.dist import Distribution, Feature
      File "/opt/hpcc/CPU/python/3.8.2/lib/python3.8/site-packages/setuptools/dist.py", line 35, in <module>
        from setuptools import windows_support
      File "/opt/hpcc/CPU/python/3.8.2/lib/python3.8/site-packages/setuptools/windows_support.py", line 2, in <module>
        import ctypes
      File "/opt/hpcc/CPU/python/3.8.2/lib/python3.8/ctypes/__init__.py", line 7, in <module>
        from _ctypes import Union, Structure, Array
    ModuleNotFoundError: No module named '_ctypes'
    ----------------------------------------
WARNING: Discarding https://files.pythonhosted.org/packages/82/69/2c2a77e7034650954e54144ea2b88ec8742a81ac69fbe84da319e0e9112c/greenery-3.1.zip#sha256=e2d98192187bc27caa218ae59d5e34a779ec538ecd3ec839c469f36686421a7e (from https://pypi.org/simple/greenery/). Command errored out with exit status 1: python setup.py egg_info Check the logs for full command output.
ERROR: Could not find a version that satisfies the requirement greenery==3.1 (from versions: 1.0, 1.1, 2.0, 2.1, 3.0, 3.1, 3.2, 3.3.1, 3.3.2)
ERROR: No matching distribution found for greenery==3.1
    ERROR: Command errored out with exit status 1:
     command: /opt/hpcc/CPU/python/3.8.2/bin/python3.8 -c 'import io, os, sys, setuptools, tokenize; sys.argv[0] = '"'"'/tmp/pip-install-0av86_x6/greenery_09fd38badd964957a13c169ccee45365/setup.py'"'"'; __file__='"'"'/tmp/pip-install-0av86_x6/greenery_09fd38badd964957a13c169ccee45365/setup.py'"'"';f = getattr(tokenize, '"'"'open'"'"', open)(__file__) if os.path.exists(__file__) else io.StringIO('"'"'from setuptools import setup; setup()'"'"');code = f.read().replace('"'"'\r\n'"'"', '"'"'\n'"'"');f.close();exec(compile(code, __file__, '"'"'exec'"'"'))' egg_info --egg-base /tmp/pip-pip-egg-info-9bk4u3gd
         cwd: /tmp/pip-install-0av86_x6/greenery_09fd38badd964957a13c169ccee45365/
    Complete output (11 lines):
    Traceback (most recent call last):
      File "<string>", line 1, in <module>
      File "/opt/hpcc/CPU/python/3.8.2/lib/python3.8/site-packages/setuptools/__init__.py", line 20, in <module>
        from setuptools.dist import Distribution, Feature
      File "/opt/hpcc/CPU/python/3.8.2/lib/python3.8/site-packages/setuptools/dist.py", line 35, in <module>
        from setuptools import windows_support
      File "/opt/hpcc/CPU/python/3.8.2/lib/python3.8/site-packages/setuptools/windows_support.py", line 2, in <module>
        import ctypes
      File "/opt/hpcc/CPU/python/3.8.2/lib/python3.8/ctypes/__init__.py", line 7, in <module>
        from _ctypes import Union, Structure, Array
    ModuleNotFoundError: No module named '_ctypes'
    ----------------------------------------
    ERROR: Command errored out with exit status 1:
     command: /opt/hpcc/CPU/python/3.8.2/bin/python3.8 -c 'import io, os, sys, setuptools, tokenize; sys.argv[0] = '"'"'/tmp/pip-install-4ph55lw0/greenery_3ceadca5dd9143c08887a14f733da9a8/setup.py'"'"'; __file__='"'"'/tmp/pip-install-4ph55lw0/greenery_3ceadca5dd9143c08887a14f733da9a8/setup.py'"'"';f = getattr(tokenize, '"'"'open'"'"', open)(__file__) if os.path.exists(__file__) else io.StringIO('"'"'from setuptools import setup; setup()'"'"');code = f.read().replace('"'"'\r\n'"'"', '"'"'\n'"'"');f.close();exec(compile(code, __file__, '"'"'exec'"'"'))' egg_info --egg-base /tmp/pip-pip-egg-info-jtmx1b7x
         cwd: /tmp/pip-install-4ph55lw0/greenery_3ceadca5dd9143c08887a14f733da9a8/
    Complete output (11 lines):
    Traceback (most recent call last):
      File "<string>", line 1, in <module>
      File "/opt/hpcc/CPU/python/3.8.2/lib/python3.8/site-packages/setuptools/__init__.py", line 20, in <module>
        from setuptools.dist import Distribution, Feature
      File "/opt/hpcc/CPU/python/3.8.2/lib/python3.8/site-packages/setuptools/dist.py", line 35, in <module>
        from setuptools import windows_support
      File "/opt/hpcc/CPU/python/3.8.2/lib/python3.8/site-packages/setuptools/windows_support.py", line 2, in <module>
        import ctypes
      File "/opt/hpcc/CPU/python/3.8.2/lib/python3.8/ctypes/__init__.py", line 7, in <module>
        from _ctypes import Union, Structure, Array
    ModuleNotFoundError: No module named '_ctypes'
    ----------------------------------------
WARNING: Discarding https://files.pythonhosted.org/packages/82/69/2c2a77e7034650954e54144ea2b88ec8742a81ac69fbe84da319e0e9112c/greenery-3.1.zip#sha256=e2d98192187bc27caa218ae59d5e34a779ec538ecd3ec839c469f36686421a7e (from https://pypi.org/simple/greenery/). Command errored out with exit status 1: python setup.py egg_info Check the logs for full command output.
ERROR: Could not find a version that satisfies the requirement greenery==3.1 (from versions: 1.0, 1.1, 2.0, 2.1, 3.0, 3.1, 3.2, 3.3.1, 3.3.2)
ERROR: No matching distribution found for greenery==3.1
    ERROR: Command errored out with exit status 1:
     command: /opt/hpcc/CPU/python/3.8.2/bin/python3.8 -c 'import io, os, sys, setuptools, tokenize; sys.argv[0] = '"'"'/tmp/pip-install-6pm9t2uc/greenery_6f740a12eca04b8ab3decc214d02932a/setup.py'"'"'; __file__='"'"'/tmp/pip-install-6pm9t2uc/greenery_6f740a12eca04b8ab3decc214d02932a/setup.py'"'"';f = getattr(tokenize, '"'"'open'"'"', open)(__file__) if os.path.exists(__file__) else io.StringIO('"'"'from setuptools import setup; setup()'"'"');code = f.read().replace('"'"'\r\n'"'"', '"'"'\n'"'"');f.close();exec(compile(code, __file__, '"'"'exec'"'"'))' egg_info --egg-base /tmp/pip-pip-egg-info-5c9hhpyx
         cwd: /tmp/pip-install-6pm9t2uc/greenery_6f740a12eca04b8ab3decc214d02932a/
    Complete output (11 lines):
    Traceback (most recent call last):
      File "<string>", line 1, in <module>
      File "/opt/hpcc/CPU/python/3.8.2/lib/python3.8/site-packages/setuptools/__init__.py", line 20, in <module>
        from setuptools.dist import Distribution, Feature
      File "/opt/hpcc/CPU/python/3.8.2/lib/python3.8/site-packages/setuptools/dist.py", line 35, in <module>
        from setuptools import windows_support
      File "/opt/hpcc/CPU/python/3.8.2/lib/python3.8/site-packages/setuptools/windows_support.py", line 2, in <module>
        import ctypes
      File "/opt/hpcc/CPU/python/3.8.2/lib/python3.8/ctypes/__init__.py", line 7, in <module>
        from _ctypes import Union, Structure, Array
    ModuleNotFoundError: No module named '_ctypes'
    ----------------------------------------
WARNING: Discarding https://files.pythonhosted.org/packages/82/69/2c2a77e7034650954e54144ea2b88ec8742a81ac69fbe84da319e0e9112c/greenery-3.1.zip#sha256=e2d98192187bc27caa218ae59d5e34a779ec538ecd3ec839c469f36686421a7e (from https://pypi.org/simple/greenery/). Command errored out with exit status 1: python setup.py egg_info Check the logs for full command output.
ERROR: No matching distribution found for greenery==3.1
WARNING: Discarding https://files.pythonhosted.org/packages/82/69/2c2a77e7034650954e54144ea2b88ec8742a81ac69fbe84da319e0e9112c/greenery-3.1.zip#sha256=e2d98192187bc27caa218ae59d5e34a779ec538ecd3ec839c469f36686421a7e (from https://pypi.org/simple/greenery/). Command errored out with exit status 1: python setup.py egg_info Check the logs for full command output.
ERROR: Could not find a version that satisfies the requirement greenery==3.1 (from versions: 1.0, 1.1, 2.0, 2.1, 3.0, 3.1, 3.2, 3.3.1, 3.3.2)
ERROR: Could not find a version that satisfies the requirement greenery==3.1 (from versions: 1.0, 1.1, 2.0, 2.1, 3.0, 3.1, 3.2, 3.3.1, 3.3.2)
ERROR: No matching distribution found for greenery==3.1
    ERROR: Command errored out with exit status 1:
     command: /opt/hpcc/CPU/python/3.8.2/bin/python3.8 -c 'import io, os, sys, setuptools, tokenize; sys.argv[0] = '"'"'/tmp/pip-install-fhh7e961/greenery_981e196d578146a9b227c3ed1029d855/setup.py'"'"'; __file__='"'"'/tmp/pip-install-fhh7e961/greenery_981e196d578146a9b227c3ed1029d855/setup.py'"'"';f = getattr(tokenize, '"'"'open'"'"', open)(__file__) if os.path.exists(__file__) else io.StringIO('"'"'from setuptools import setup; setup()'"'"');code = f.read().replace('"'"'\r\n'"'"', '"'"'\n'"'"');f.close();exec(compile(code, __file__, '"'"'exec'"'"'))' egg_info --egg-base /tmp/pip-pip-egg-info-o_q8jj1o
         cwd: /tmp/pip-install-fhh7e961/greenery_981e196d578146a9b227c3ed1029d855/
    Complete output (11 lines):
    Traceback (most recent call last):
      File "<string>", line 1, in <module>
      File "/opt/hpcc/CPU/python/3.8.2/lib/python3.8/site-packages/setuptools/__init__.py", line 20, in <module>
        from setuptools.dist import Distribution, Feature
      File "/opt/hpcc/CPU/python/3.8.2/lib/python3.8/site-packages/setuptools/dist.py", line 35, in <module>
        from setuptools import windows_support
      File "/opt/hpcc/CPU/python/3.8.2/lib/python3.8/site-packages/setuptools/windows_support.py", line 2, in <module>
        import ctypes
      File "/opt/hpcc/CPU/python/3.8.2/lib/python3.8/ctypes/__init__.py", line 7, in <module>
        from _ctypes import Union, Structure, Array
    ModuleNotFoundError: No module named '_ctypes'
    ----------------------------------------
WARNING: Discarding https://files.pythonhosted.org/packages/82/69/2c2a77e7034650954e54144ea2b88ec8742a81ac69fbe84da319e0e9112c/greenery-3.1.zip#sha256=e2d98192187bc27caa218ae59d5e34a779ec538ecd3ec839c469f36686421a7e (from https://pypi.org/simple/greenery/). Command errored out with exit status 1: python setup.py egg_info Check the logs for full command output.
ERROR: Could not find a version that satisfies the requirement greenery==3.1 (from versions: 1.0, 1.1, 2.0, 2.1, 3.0, 3.1, 3.2, 3.3.1, 3.3.2)
ERROR: No matching distribution found for greenery==3.1
ERROR: No matching distribution found for greenery==3.1
    ERROR: Command errored out with exit status 1:
     command: /opt/hpcc/CPU/python/3.8.2/bin/python3.8 -c 'import io, os, sys, setuptools, tokenize; sys.argv[0] = '"'"'/tmp/pip-install-o9_u3qz0/greenery_03a5d9db989345718cdf63bf39d0038e/setup.py'"'"'; __file__='"'"'/tmp/pip-install-o9_u3qz0/greenery_03a5d9db989345718cdf63bf39d0038e/setup.py'"'"';f = getattr(tokenize, '"'"'open'"'"', open)(__file__) if os.path.exists(__file__) else io.StringIO('"'"'from setuptools import setup; setup()'"'"');code = f.read().replace('"'"'\r\n'"'"', '"'"'\n'"'"');f.close();exec(compile(code, __file__, '"'"'exec'"'"'))' egg_info --egg-base /tmp/pip-pip-egg-info-g_0pnru3
         cwd: /tmp/pip-install-o9_u3qz0/greenery_03a5d9db989345718cdf63bf39d0038e/
    Complete output (11 lines):
    Traceback (most recent call last):
      File "<string>", line 1, in <module>
      File "/opt/hpcc/CPU/python/3.8.2/lib/python3.8/site-packages/setuptools/__init__.py", line 20, in <module>
        from setuptools.dist import Distribution, Feature
      File "/opt/hpcc/CPU/python/3.8.2/lib/python3.8/site-packages/setuptools/dist.py", line 35, in <module>
        from setuptools import windows_support
      File "/opt/hpcc/CPU/python/3.8.2/lib/python3.8/site-packages/setuptools/windows_support.py", line 2, in <module>
        import ctypes
      File "/opt/hpcc/CPU/python/3.8.2/lib/python3.8/ctypes/__init__.py", line 7, in <module>
        from _ctypes import Union, Structure, Array
    ModuleNotFoundError: No module named '_ctypes'
    ----------------------------------------
WARNING: Discarding https://files.pythonhosted.org/packages/82/69/2c2a77e7034650954e54144ea2b88ec8742a81ac69fbe84da319e0e9112c/greenery-3.1.zip#sha256=e2d98192187bc27caa218ae59d5e34a779ec538ecd3ec839c469f36686421a7e (from https://pypi.org/simple/greenery/). Command errored out with exit status 1: python setup.py egg_info Check the logs for full command output.
ERROR: Could not find a version that satisfies the requirement greenery==3.1 (from versions: 1.0, 1.1, 2.0, 2.1, 3.0, 3.1, 3.2, 3.3.1, 3.3.2)
ERROR: No matching distribution found for greenery==3.1
    ERROR: Command errored out with exit status 1:
     command: /opt/hpcc/CPU/python/3.8.2/bin/python3.8 -c 'import io, os, sys, setuptools, tokenize; sys.argv[0] = '"'"'/tmp/pip-install-xhs_m4rd/greenery_357c6ef02dd847ce860163093692faa6/setup.py'"'"'; __file__='"'"'/tmp/pip-install-xhs_m4rd/greenery_357c6ef02dd847ce860163093692faa6/setup.py'"'"';f = getattr(tokenize, '"'"'open'"'"', open)(__file__) if os.path.exists(__file__) else io.StringIO('"'"'from setuptools import setup; setup()'"'"');code = f.read().replace('"'"'\r\n'"'"', '"'"'\n'"'"');f.close();exec(compile(code, __file__, '"'"'exec'"'"'))' egg_info --egg-base /tmp/pip-pip-egg-info-dbs3quo7
         cwd: /tmp/pip-install-xhs_m4rd/greenery_357c6ef02dd847ce860163093692faa6/
    Complete output (11 lines):
    Traceback (most recent call last):
      File "<string>", line 1, in <module>
      File "/opt/hpcc/CPU/python/3.8.2/lib/python3.8/site-packages/setuptools/__init__.py", line 20, in <module>
        from setuptools.dist import Distribution, Feature
      File "/opt/hpcc/CPU/python/3.8.2/lib/python3.8/site-packages/setuptools/dist.py", line 35, in <module>
        from setuptools import windows_support
      File "/opt/hpcc/CPU/python/3.8.2/lib/python3.8/site-packages/setuptools/windows_support.py", line 2, in <module>
        import ctypes
      File "/opt/hpcc/CPU/python/3.8.2/lib/python3.8/ctypes/__init__.py", line 7, in <module>
        from _ctypes import Union, Structure, Array
    ModuleNotFoundError: No module named '_ctypes'
    ----------------------------------------
WARNING: Discarding https://files.pythonhosted.org/packages/82/69/2c2a77e7034650954e54144ea2b88ec8742a81ac69fbe84da319e0e9112c/greenery-3.1.zip#sha256=e2d98192187bc27caa218ae59d5e34a779ec538ecd3ec839c469f36686421a7e (from https://pypi.org/simple/greenery/). Command errored out with exit status 1: python setup.py egg_info Check the logs for full command output.
ERROR: Could not find a version that satisfies the requirement greenery==3.1 (from versions: 1.0, 1.1, 2.0, 2.1, 3.0, 3.1, 3.2, 3.3.1, 3.3.2)
ERROR: No matching distribution found for greenery==3.1
srun: error: saliksik-gpu-06: tasks 0-7: Exited with exit code 1
Traceback (most recent call last):
  File "src/abstracts/gpu_selection.py", line 1, in <module>
    import pycuda.autoinit
ModuleNotFoundError: No module named 'pycuda'
Traceback (most recent call last):
  File "src/abstracts/gpu_selection.py", line 1, in <module>
    import pycuda.autoinit
ModuleNotFoundError: No module named 'pycuda'
Traceback (most recent call last):
  File "src/abstracts/gpu_selection.py", line 1, in <module>
    import pycuda.autoinit
ModuleNotFoundError: No module named 'pycuda'
Traceback (most recent call last):
  File "src/abstracts/gpu_selection.py", line 1, in <module>
    import pycuda.autoinit
ModuleNotFoundError: No module named 'pycuda'
Traceback (most recent call last):
  File "src/abstracts/gpu_selection.py", line 1, in <module>
    import pycuda.autoinit
ModuleNotFoundError: No module named 'pycuda'
Traceback (most recent call last):
  File "src/abstracts/gpu_selection.py", line 1, in <module>
    import pycuda.autoinit
ModuleNotFoundError: No module named 'pycuda'
Traceback (most recent call last):
  File "src/abstracts/gpu_selection.py", line 1, in <module>
    import pycuda.autoinit
ModuleNotFoundError: No module named 'pycuda'
Traceback (most recent call last):
  File "src/abstracts/gpu_selection.py", line 1, in <module>
    import pycuda.autoinit
ModuleNotFoundError: No module named 'pycuda'
srun: error: saliksik-gpu-06: tasks 0-7: Exited with exit code 1
