SLURM_JOBID=236514
SLURM_JOB_NODELIST=saliksik-cpu-21
SLURM_NNODES=1
SLURMTMPDIR=
working directory=/scratch1/scratch2/arlan.uy/ERSSNP_CPU_GPU_Framework/main_dir
Requirement already satisfied: appdirs==1.4.3 in /share/hpcc/CPU/anaconda/3-5.3.1/lib/python3.7/site-packages (from -r requirements.txt (line 1)) (1.4.3)
Collecting astroid==2.5.6 (from -r requirements.txt (line 2))
Requirement already satisfied: appdirs==1.4.3 in /share/hpcc/CPU/anaconda/3-5.3.1/lib/python3.7/site-packages (from -r requirements.txt (line 1)) (1.4.3)
Collecting astroid==2.5.6 (from -r requirements.txt (line 2))
Requirement already satisfied: appdirs==1.4.3 in /share/hpcc/CPU/anaconda/3-5.3.1/lib/python3.7/site-packages (from -r requirements.txt (line 1)) (1.4.3)
Requirement already satisfied: appdirs==1.4.3 in /share/hpcc/CPU/anaconda/3-5.3.1/lib/python3.7/site-packages (from -r requirements.txt (line 1)) (1.4.3)
Requirement already satisfied: appdirs==1.4.3 in /share/hpcc/CPU/anaconda/3-5.3.1/lib/python3.7/site-packages (from -r requirements.txt (line 1)) (1.4.3)
Requirement already satisfied: appdirs==1.4.3 in /share/hpcc/CPU/anaconda/3-5.3.1/lib/python3.7/site-packages (from -r requirements.txt (line 1)) (1.4.3)
Requirement already satisfied: appdirs==1.4.3 in /share/hpcc/CPU/anaconda/3-5.3.1/lib/python3.7/site-packages (from -r requirements.txt (line 1)) (1.4.3)
Requirement already satisfied: appdirs==1.4.3 in /share/hpcc/CPU/anaconda/3-5.3.1/lib/python3.7/site-packages (from -r requirements.txt (line 1)) (1.4.3)
Collecting astroid==2.5.6 (from -r requirements.txt (line 2))
Collecting astroid==2.5.6 (from -r requirements.txt (line 2))
Collecting astroid==2.5.6 (from -r requirements.txt (line 2))
Collecting astroid==2.5.6 (from -r requirements.txt (line 2))
Collecting astroid==2.5.6 (from -r requirements.txt (line 2))
Collecting astroid==2.5.6 (from -r requirements.txt (line 2))
  Using cached https://files.pythonhosted.org/packages/f8/82/a61df6c2d68f3ae3ad1afa0d2e5ba5cfb7386eb80cffb453def7c5757271/astroid-2.5.6-py3-none-any.whl
Requirement already satisfied: attrs==18.2.0 in /share/hpcc/CPU/anaconda/3-5.3.1/lib/python3.7/site-packages (from -r requirements.txt (line 3)) (18.2.0)
Requirement already satisfied: click==6.7 in /share/hpcc/CPU/anaconda/3-5.3.1/lib/python3.7/site-packages (from -r requirements.txt (line 4)) (6.7)
Requirement already satisfied: cycler==0.10.0 in /share/hpcc/CPU/anaconda/3-5.3.1/lib/python3.7/site-packages (from -r requirements.txt (line 5)) (0.10.0)
  Using cached https://files.pythonhosted.org/packages/f8/82/a61df6c2d68f3ae3ad1afa0d2e5ba5cfb7386eb80cffb453def7c5757271/astroid-2.5.6-py3-none-any.whl
Requirement already satisfied: attrs==18.2.0 in /share/hpcc/CPU/anaconda/3-5.3.1/lib/python3.7/site-packages (from -r requirements.txt (line 3)) (18.2.0)
Requirement already satisfied: click==6.7 in /share/hpcc/CPU/anaconda/3-5.3.1/lib/python3.7/site-packages (from -r requirements.txt (line 4)) (6.7)
Requirement already satisfied: cycler==0.10.0 in /share/hpcc/CPU/anaconda/3-5.3.1/lib/python3.7/site-packages (from -r requirements.txt (line 5)) (0.10.0)
  Using cached https://files.pythonhosted.org/packages/f8/82/a61df6c2d68f3ae3ad1afa0d2e5ba5cfb7386eb80cffb453def7c5757271/astroid-2.5.6-py3-none-any.whl
Requirement already satisfied: attrs==18.2.0 in /share/hpcc/CPU/anaconda/3-5.3.1/lib/python3.7/site-packages (from -r requirements.txt (line 3)) (18.2.0)
Requirement already satisfied: click==6.7 in /share/hpcc/CPU/anaconda/3-5.3.1/lib/python3.7/site-packages (from -r requirements.txt (line 4)) (6.7)
Requirement already satisfied: cycler==0.10.0 in /share/hpcc/CPU/anaconda/3-5.3.1/lib/python3.7/site-packages (from -r requirements.txt (line 5)) (0.10.0)
  Using cached https://files.pythonhosted.org/packages/f8/82/a61df6c2d68f3ae3ad1afa0d2e5ba5cfb7386eb80cffb453def7c5757271/astroid-2.5.6-py3-none-any.whl
Requirement already satisfied: attrs==18.2.0 in /share/hpcc/CPU/anaconda/3-5.3.1/lib/python3.7/site-packages (from -r requirements.txt (line 3)) (18.2.0)
Requirement already satisfied: click==6.7 in /share/hpcc/CPU/anaconda/3-5.3.1/lib/python3.7/site-packages (from -r requirements.txt (line 4)) (6.7)
Requirement already satisfied: cycler==0.10.0 in /share/hpcc/CPU/anaconda/3-5.3.1/lib/python3.7/site-packages (from -r requirements.txt (line 5)) (0.10.0)
  Using cached https://files.pythonhosted.org/packages/f8/82/a61df6c2d68f3ae3ad1afa0d2e5ba5cfb7386eb80cffb453def7c5757271/astroid-2.5.6-py3-none-any.whl
Requirement already satisfied: attrs==18.2.0 in /share/hpcc/CPU/anaconda/3-5.3.1/lib/python3.7/site-packages (from -r requirements.txt (line 3)) (18.2.0)
Requirement already satisfied: click==6.7 in /share/hpcc/CPU/anaconda/3-5.3.1/lib/python3.7/site-packages (from -r requirements.txt (line 4)) (6.7)
Requirement already satisfied: cycler==0.10.0 in /share/hpcc/CPU/anaconda/3-5.3.1/lib/python3.7/site-packages (from -r requirements.txt (line 5)) (0.10.0)
  Using cached https://files.pythonhosted.org/packages/f8/82/a61df6c2d68f3ae3ad1afa0d2e5ba5cfb7386eb80cffb453def7c5757271/astroid-2.5.6-py3-none-any.whl
Requirement already satisfied: attrs==18.2.0 in /share/hpcc/CPU/anaconda/3-5.3.1/lib/python3.7/site-packages (from -r requirements.txt (line 3)) (18.2.0)
Requirement already satisfied: click==6.7 in /share/hpcc/CPU/anaconda/3-5.3.1/lib/python3.7/site-packages (from -r requirements.txt (line 4)) (6.7)
Requirement already satisfied: cycler==0.10.0 in /share/hpcc/CPU/anaconda/3-5.3.1/lib/python3.7/site-packages (from -r requirements.txt (line 5)) (0.10.0)
  Using cached https://files.pythonhosted.org/packages/f8/82/a61df6c2d68f3ae3ad1afa0d2e5ba5cfb7386eb80cffb453def7c5757271/astroid-2.5.6-py3-none-any.whl
Requirement already satisfied: attrs==18.2.0 in /share/hpcc/CPU/anaconda/3-5.3.1/lib/python3.7/site-packages (from -r requirements.txt (line 3)) (18.2.0)
Requirement already satisfied: click==6.7 in /share/hpcc/CPU/anaconda/3-5.3.1/lib/python3.7/site-packages (from -r requirements.txt (line 4)) (6.7)
Requirement already satisfied: cycler==0.10.0 in /share/hpcc/CPU/anaconda/3-5.3.1/lib/python3.7/site-packages (from -r requirements.txt (line 5)) (0.10.0)
  Using cached https://files.pythonhosted.org/packages/f8/82/a61df6c2d68f3ae3ad1afa0d2e5ba5cfb7386eb80cffb453def7c5757271/astroid-2.5.6-py3-none-any.whl
Requirement already satisfied: attrs==18.2.0 in /share/hpcc/CPU/anaconda/3-5.3.1/lib/python3.7/site-packages (from -r requirements.txt (line 3)) (18.2.0)
Requirement already satisfied: click==6.7 in /share/hpcc/CPU/anaconda/3-5.3.1/lib/python3.7/site-packages (from -r requirements.txt (line 4)) (6.7)
Requirement already satisfied: cycler==0.10.0 in /share/hpcc/CPU/anaconda/3-5.3.1/lib/python3.7/site-packages (from -r requirements.txt (line 5)) (0.10.0)
Collecting graphviz==0.10.1 (from -r requirements.txt (line 6))
Collecting graphviz==0.10.1 (from -r requirements.txt (line 6))
Collecting graphviz==0.10.1 (from -r requirements.txt (line 6))
Collecting graphviz==0.10.1 (from -r requirements.txt (line 6))
Collecting graphviz==0.10.1 (from -r requirements.txt (line 6))
Collecting graphviz==0.10.1 (from -r requirements.txt (line 6))
Collecting graphviz==0.10.1 (from -r requirements.txt (line 6))
Collecting graphviz==0.10.1 (from -r requirements.txt (line 6))
  Using cached https://files.pythonhosted.org/packages/1f/e2/ef2581b5b86625657afd32030f90cf2717456c1d2b711ba074bf007c0f1a/graphviz-0.10.1-py2.py3-none-any.whl
  Using cached https://files.pythonhosted.org/packages/1f/e2/ef2581b5b86625657afd32030f90cf2717456c1d2b711ba074bf007c0f1a/graphviz-0.10.1-py2.py3-none-any.whl
  Using cached https://files.pythonhosted.org/packages/1f/e2/ef2581b5b86625657afd32030f90cf2717456c1d2b711ba074bf007c0f1a/graphviz-0.10.1-py2.py3-none-any.whl
  Using cached https://files.pythonhosted.org/packages/1f/e2/ef2581b5b86625657afd32030f90cf2717456c1d2b711ba074bf007c0f1a/graphviz-0.10.1-py2.py3-none-any.whl
  Using cached https://files.pythonhosted.org/packages/1f/e2/ef2581b5b86625657afd32030f90cf2717456c1d2b711ba074bf007c0f1a/graphviz-0.10.1-py2.py3-none-any.whl
  Using cached https://files.pythonhosted.org/packages/1f/e2/ef2581b5b86625657afd32030f90cf2717456c1d2b711ba074bf007c0f1a/graphviz-0.10.1-py2.py3-none-any.whl
  Using cached https://files.pythonhosted.org/packages/1f/e2/ef2581b5b86625657afd32030f90cf2717456c1d2b711ba074bf007c0f1a/graphviz-0.10.1-py2.py3-none-any.whl
  Using cached https://files.pythonhosted.org/packages/1f/e2/ef2581b5b86625657afd32030f90cf2717456c1d2b711ba074bf007c0f1a/graphviz-0.10.1-py2.py3-none-any.whl
Collecting greenery==3.1 (from -r requirements.txt (line 7))
Collecting greenery==3.1 (from -r requirements.txt (line 7))
Collecting greenery==3.1 (from -r requirements.txt (line 7))
Collecting greenery==3.1 (from -r requirements.txt (line 7))
Collecting greenery==3.1 (from -r requirements.txt (line 7))
Collecting greenery==3.1 (from -r requirements.txt (line 7))
Collecting greenery==3.1 (from -r requirements.txt (line 7))
Collecting greenery==3.1 (from -r requirements.txt (line 7))
Requirement already satisfied: isort==4.3.4 in /share/hpcc/CPU/anaconda/3-5.3.1/lib/python3.7/site-packages (from -r requirements.txt (line 8)) (4.3.4)
Requirement already satisfied: isort==4.3.4 in /share/hpcc/CPU/anaconda/3-5.3.1/lib/python3.7/site-packages (from -r requirements.txt (line 8)) (4.3.4)
Requirement already satisfied: isort==4.3.4 in /share/hpcc/CPU/anaconda/3-5.3.1/lib/python3.7/site-packages (from -r requirements.txt (line 8)) (4.3.4)
Requirement already satisfied: isort==4.3.4 in /share/hpcc/CPU/anaconda/3-5.3.1/lib/python3.7/site-packages (from -r requirements.txt (line 8)) (4.3.4)
Requirement already satisfied: isort==4.3.4 in /share/hpcc/CPU/anaconda/3-5.3.1/lib/python3.7/site-packages (from -r requirements.txt (line 8)) (4.3.4)
Requirement already satisfied: kiwisolver==1.0.1 in /share/hpcc/CPU/anaconda/3-5.3.1/lib/python3.7/site-packages (from -r requirements.txt (line 9)) (1.0.1)
Requirement already satisfied: kiwisolver==1.0.1 in /share/hpcc/CPU/anaconda/3-5.3.1/lib/python3.7/site-packages (from -r requirements.txt (line 9)) (1.0.1)
Requirement already satisfied: kiwisolver==1.0.1 in /share/hpcc/CPU/anaconda/3-5.3.1/lib/python3.7/site-packages (from -r requirements.txt (line 9)) (1.0.1)
Requirement already satisfied: kiwisolver==1.0.1 in /share/hpcc/CPU/anaconda/3-5.3.1/lib/python3.7/site-packages (from -r requirements.txt (line 9)) (1.0.1)
Requirement already satisfied: kiwisolver==1.0.1 in /share/hpcc/CPU/anaconda/3-5.3.1/lib/python3.7/site-packages (from -r requirements.txt (line 9)) (1.0.1)
Collecting lazy-object-proxy==1.4.0 (from -r requirements.txt (line 10))
Collecting lazy-object-proxy==1.4.0 (from -r requirements.txt (line 10))
Collecting lazy-object-proxy==1.4.0 (from -r requirements.txt (line 10))
Collecting lazy-object-proxy==1.4.0 (from -r requirements.txt (line 10))
Collecting lazy-object-proxy==1.4.0 (from -r requirements.txt (line 10))
Requirement already satisfied: isort==4.3.4 in /share/hpcc/CPU/anaconda/3-5.3.1/lib/python3.7/site-packages (from -r requirements.txt (line 8)) (4.3.4)
Requirement already satisfied: kiwisolver==1.0.1 in /share/hpcc/CPU/anaconda/3-5.3.1/lib/python3.7/site-packages (from -r requirements.txt (line 9)) (1.0.1)
Collecting lazy-object-proxy==1.4.0 (from -r requirements.txt (line 10))
Requirement already satisfied: isort==4.3.4 in /share/hpcc/CPU/anaconda/3-5.3.1/lib/python3.7/site-packages (from -r requirements.txt (line 8)) (4.3.4)
Requirement already satisfied: kiwisolver==1.0.1 in /share/hpcc/CPU/anaconda/3-5.3.1/lib/python3.7/site-packages (from -r requirements.txt (line 9)) (1.0.1)
Collecting lazy-object-proxy==1.4.0 (from -r requirements.txt (line 10))
  Using cached https://files.pythonhosted.org/packages/67/6b/1a9086c111cd99ca66b60dd8985e71ead25b904f784d304eadeffb789062/lazy_object_proxy-1.4.0-cp37-cp37m-manylinux1_x86_64.whl
  Using cached https://files.pythonhosted.org/packages/67/6b/1a9086c111cd99ca66b60dd8985e71ead25b904f784d304eadeffb789062/lazy_object_proxy-1.4.0-cp37-cp37m-manylinux1_x86_64.whl
  Using cached https://files.pythonhosted.org/packages/67/6b/1a9086c111cd99ca66b60dd8985e71ead25b904f784d304eadeffb789062/lazy_object_proxy-1.4.0-cp37-cp37m-manylinux1_x86_64.whl
  Using cached https://files.pythonhosted.org/packages/67/6b/1a9086c111cd99ca66b60dd8985e71ead25b904f784d304eadeffb789062/lazy_object_proxy-1.4.0-cp37-cp37m-manylinux1_x86_64.whl
  Using cached https://files.pythonhosted.org/packages/67/6b/1a9086c111cd99ca66b60dd8985e71ead25b904f784d304eadeffb789062/lazy_object_proxy-1.4.0-cp37-cp37m-manylinux1_x86_64.whl
  Using cached https://files.pythonhosted.org/packages/67/6b/1a9086c111cd99ca66b60dd8985e71ead25b904f784d304eadeffb789062/lazy_object_proxy-1.4.0-cp37-cp37m-manylinux1_x86_64.whl
  Using cached https://files.pythonhosted.org/packages/67/6b/1a9086c111cd99ca66b60dd8985e71ead25b904f784d304eadeffb789062/lazy_object_proxy-1.4.0-cp37-cp37m-manylinux1_x86_64.whl
Requirement already satisfied: isort==4.3.4 in /share/hpcc/CPU/anaconda/3-5.3.1/lib/python3.7/site-packages (from -r requirements.txt (line 8)) (4.3.4)
Requirement already satisfied: kiwisolver==1.0.1 in /share/hpcc/CPU/anaconda/3-5.3.1/lib/python3.7/site-packages (from -r requirements.txt (line 9)) (1.0.1)
Collecting matplotlib==3.0.0 (from -r requirements.txt (line 11))
Collecting matplotlib==3.0.0 (from -r requirements.txt (line 11))
Collecting matplotlib==3.0.0 (from -r requirements.txt (line 11))
Collecting matplotlib==3.0.0 (from -r requirements.txt (line 11))
Collecting matplotlib==3.0.0 (from -r requirements.txt (line 11))
Collecting matplotlib==3.0.0 (from -r requirements.txt (line 11))
Collecting matplotlib==3.0.0 (from -r requirements.txt (line 11))
Collecting lazy-object-proxy==1.4.0 (from -r requirements.txt (line 10))
  Using cached https://files.pythonhosted.org/packages/67/6b/1a9086c111cd99ca66b60dd8985e71ead25b904f784d304eadeffb789062/lazy_object_proxy-1.4.0-cp37-cp37m-manylinux1_x86_64.whl
Collecting matplotlib==3.0.0 (from -r requirements.txt (line 11))
  Using cached https://files.pythonhosted.org/packages/1e/92/923b86132669ce39b7b0096a402cc78a5b70f22423f8b59bbd7bb7ff9403/matplotlib-3.0.0-cp37-cp37m-manylinux1_x86_64.whl
  Using cached https://files.pythonhosted.org/packages/1e/92/923b86132669ce39b7b0096a402cc78a5b70f22423f8b59bbd7bb7ff9403/matplotlib-3.0.0-cp37-cp37m-manylinux1_x86_64.whl
  Using cached https://files.pythonhosted.org/packages/1e/92/923b86132669ce39b7b0096a402cc78a5b70f22423f8b59bbd7bb7ff9403/matplotlib-3.0.0-cp37-cp37m-manylinux1_x86_64.whl
  Using cached https://files.pythonhosted.org/packages/1e/92/923b86132669ce39b7b0096a402cc78a5b70f22423f8b59bbd7bb7ff9403/matplotlib-3.0.0-cp37-cp37m-manylinux1_x86_64.whl
  Using cached https://files.pythonhosted.org/packages/1e/92/923b86132669ce39b7b0096a402cc78a5b70f22423f8b59bbd7bb7ff9403/matplotlib-3.0.0-cp37-cp37m-manylinux1_x86_64.whl
  Using cached https://files.pythonhosted.org/packages/1e/92/923b86132669ce39b7b0096a402cc78a5b70f22423f8b59bbd7bb7ff9403/matplotlib-3.0.0-cp37-cp37m-manylinux1_x86_64.whl
  Using cached https://files.pythonhosted.org/packages/1e/92/923b86132669ce39b7b0096a402cc78a5b70f22423f8b59bbd7bb7ff9403/matplotlib-3.0.0-cp37-cp37m-manylinux1_x86_64.whl
  Using cached https://files.pythonhosted.org/packages/1e/92/923b86132669ce39b7b0096a402cc78a5b70f22423f8b59bbd7bb7ff9403/matplotlib-3.0.0-cp37-cp37m-manylinux1_x86_64.whl
Requirement already satisfied: mccabe==0.6.1 in /share/hpcc/CPU/anaconda/3-5.3.1/lib/python3.7/site-packages (from -r requirements.txt (line 12)) (0.6.1)
Requirement already satisfied: mccabe==0.6.1 in /share/hpcc/CPU/anaconda/3-5.3.1/lib/python3.7/site-packages (from -r requirements.txt (line 12)) (0.6.1)
Requirement already satisfied: mccabe==0.6.1 in /share/hpcc/CPU/anaconda/3-5.3.1/lib/python3.7/site-packages (from -r requirements.txt (line 12)) (0.6.1)
Requirement already satisfied: mccabe==0.6.1 in /share/hpcc/CPU/anaconda/3-5.3.1/lib/python3.7/site-packages (from -r requirements.txt (line 12)) (0.6.1)
Requirement already satisfied: mccabe==0.6.1 in /share/hpcc/CPU/anaconda/3-5.3.1/lib/python3.7/site-packages (from -r requirements.txt (line 12)) (0.6.1)
Collecting mpmath==1.1.0 (from -r requirements.txt (line 13))
Collecting mpmath==1.1.0 (from -r requirements.txt (line 13))
Requirement already satisfied: mccabe==0.6.1 in /share/hpcc/CPU/anaconda/3-5.3.1/lib/python3.7/site-packages (from -r requirements.txt (line 12)) (0.6.1)
Requirement already satisfied: mccabe==0.6.1 in /share/hpcc/CPU/anaconda/3-5.3.1/lib/python3.7/site-packages (from -r requirements.txt (line 12)) (0.6.1)
Collecting mpmath==1.1.0 (from -r requirements.txt (line 13))
Collecting mpmath==1.1.0 (from -r requirements.txt (line 13))
Collecting mpmath==1.1.0 (from -r requirements.txt (line 13))
Collecting mpmath==1.1.0 (from -r requirements.txt (line 13))
Collecting mpmath==1.1.0 (from -r requirements.txt (line 13))
Requirement already satisfied: mccabe==0.6.1 in /share/hpcc/CPU/anaconda/3-5.3.1/lib/python3.7/site-packages (from -r requirements.txt (line 12)) (0.6.1)
Collecting mpmath==1.1.0 (from -r requirements.txt (line 13))
Requirement already satisfied: numpy==1.15.1 in /share/hpcc/CPU/anaconda/3-5.3.1/lib/python3.7/site-packages (from -r requirements.txt (line 14)) (1.15.1)
Requirement already satisfied: numpy==1.15.1 in /share/hpcc/CPU/anaconda/3-5.3.1/lib/python3.7/site-packages (from -r requirements.txt (line 14)) (1.15.1)
Requirement already satisfied: numpy==1.15.1 in /share/hpcc/CPU/anaconda/3-5.3.1/lib/python3.7/site-packages (from -r requirements.txt (line 14)) (1.15.1)
Requirement already satisfied: numpy==1.15.1 in /share/hpcc/CPU/anaconda/3-5.3.1/lib/python3.7/site-packages (from -r requirements.txt (line 14)) (1.15.1)
Requirement already satisfied: numpy==1.15.1 in /share/hpcc/CPU/anaconda/3-5.3.1/lib/python3.7/site-packages (from -r requirements.txt (line 14)) (1.15.1)
Requirement already satisfied: numpy==1.15.1 in /share/hpcc/CPU/anaconda/3-5.3.1/lib/python3.7/site-packages (from -r requirements.txt (line 14)) (1.15.1)
Requirement already satisfied: numpy==1.15.1 in /share/hpcc/CPU/anaconda/3-5.3.1/lib/python3.7/site-packages (from -r requirements.txt (line 14)) (1.15.1)
Requirement already satisfied: numpy==1.15.1 in /share/hpcc/CPU/anaconda/3-5.3.1/lib/python3.7/site-packages (from -r requirements.txt (line 14)) (1.15.1)
Requirement already satisfied: pandas==0.23.4 in /share/hpcc/CPU/anaconda/3-5.3.1/lib/python3.7/site-packages (from -r requirements.txt (line 15)) (0.23.4)
Requirement already satisfied: pandas==0.23.4 in /share/hpcc/CPU/anaconda/3-5.3.1/lib/python3.7/site-packages (from -r requirements.txt (line 15)) (0.23.4)
Requirement already satisfied: pandas==0.23.4 in /share/hpcc/CPU/anaconda/3-5.3.1/lib/python3.7/site-packages (from -r requirements.txt (line 15)) (0.23.4)
Requirement already satisfied: pandas==0.23.4 in /share/hpcc/CPU/anaconda/3-5.3.1/lib/python3.7/site-packages (from -r requirements.txt (line 15)) (0.23.4)
Requirement already satisfied: pandas==0.23.4 in /share/hpcc/CPU/anaconda/3-5.3.1/lib/python3.7/site-packages (from -r requirements.txt (line 15)) (0.23.4)
Requirement already satisfied: pandas==0.23.4 in /share/hpcc/CPU/anaconda/3-5.3.1/lib/python3.7/site-packages (from -r requirements.txt (line 15)) (0.23.4)
Requirement already satisfied: pandas==0.23.4 in /share/hpcc/CPU/anaconda/3-5.3.1/lib/python3.7/site-packages (from -r requirements.txt (line 15)) (0.23.4)
Requirement already satisfied: pandas==0.23.4 in /share/hpcc/CPU/anaconda/3-5.3.1/lib/python3.7/site-packages (from -r requirements.txt (line 15)) (0.23.4)
Collecting pylint==2.3.1 (from -r requirements.txt (line 16))
Collecting pylint==2.3.1 (from -r requirements.txt (line 16))
Collecting pylint==2.3.1 (from -r requirements.txt (line 16))
Collecting pylint==2.3.1 (from -r requirements.txt (line 16))
Collecting pylint==2.3.1 (from -r requirements.txt (line 16))
Collecting pylint==2.3.1 (from -r requirements.txt (line 16))
Collecting pylint==2.3.1 (from -r requirements.txt (line 16))
Collecting pylint==2.3.1 (from -r requirements.txt (line 16))
  Using cached https://files.pythonhosted.org/packages/60/c2/b3f73f4ac008bef6e75bca4992f3963b3f85942e0277237721ef1c151f0d/pylint-2.3.1-py3-none-any.whl
  Using cached https://files.pythonhosted.org/packages/60/c2/b3f73f4ac008bef6e75bca4992f3963b3f85942e0277237721ef1c151f0d/pylint-2.3.1-py3-none-any.whl
  Using cached https://files.pythonhosted.org/packages/60/c2/b3f73f4ac008bef6e75bca4992f3963b3f85942e0277237721ef1c151f0d/pylint-2.3.1-py3-none-any.whl
  Using cached https://files.pythonhosted.org/packages/60/c2/b3f73f4ac008bef6e75bca4992f3963b3f85942e0277237721ef1c151f0d/pylint-2.3.1-py3-none-any.whl
  Using cached https://files.pythonhosted.org/packages/60/c2/b3f73f4ac008bef6e75bca4992f3963b3f85942e0277237721ef1c151f0d/pylint-2.3.1-py3-none-any.whl
  Using cached https://files.pythonhosted.org/packages/60/c2/b3f73f4ac008bef6e75bca4992f3963b3f85942e0277237721ef1c151f0d/pylint-2.3.1-py3-none-any.whl
  Using cached https://files.pythonhosted.org/packages/60/c2/b3f73f4ac008bef6e75bca4992f3963b3f85942e0277237721ef1c151f0d/pylint-2.3.1-py3-none-any.whl
  Using cached https://files.pythonhosted.org/packages/60/c2/b3f73f4ac008bef6e75bca4992f3963b3f85942e0277237721ef1c151f0d/pylint-2.3.1-py3-none-any.whl
Collecting pyparsing==2.2.2 (from -r requirements.txt (line 17))
Collecting pyparsing==2.2.2 (from -r requirements.txt (line 17))
Collecting pyparsing==2.2.2 (from -r requirements.txt (line 17))
Collecting pyparsing==2.2.2 (from -r requirements.txt (line 17))
Collecting pyparsing==2.2.2 (from -r requirements.txt (line 17))
Collecting pyparsing==2.2.2 (from -r requirements.txt (line 17))
Collecting pyparsing==2.2.2 (from -r requirements.txt (line 17))
Collecting pyparsing==2.2.2 (from -r requirements.txt (line 17))
  Using cached https://files.pythonhosted.org/packages/2b/4a/f06b45ab9690d4c37641ec776f7ad691974f4cf6943a73267475b05cbfca/pyparsing-2.2.2-py2.py3-none-any.whl
  Using cached https://files.pythonhosted.org/packages/2b/4a/f06b45ab9690d4c37641ec776f7ad691974f4cf6943a73267475b05cbfca/pyparsing-2.2.2-py2.py3-none-any.whl
  Using cached https://files.pythonhosted.org/packages/2b/4a/f06b45ab9690d4c37641ec776f7ad691974f4cf6943a73267475b05cbfca/pyparsing-2.2.2-py2.py3-none-any.whl
  Using cached https://files.pythonhosted.org/packages/2b/4a/f06b45ab9690d4c37641ec776f7ad691974f4cf6943a73267475b05cbfca/pyparsing-2.2.2-py2.py3-none-any.whl
  Using cached https://files.pythonhosted.org/packages/2b/4a/f06b45ab9690d4c37641ec776f7ad691974f4cf6943a73267475b05cbfca/pyparsing-2.2.2-py2.py3-none-any.whl
  Using cached https://files.pythonhosted.org/packages/2b/4a/f06b45ab9690d4c37641ec776f7ad691974f4cf6943a73267475b05cbfca/pyparsing-2.2.2-py2.py3-none-any.whl
  Using cached https://files.pythonhosted.org/packages/2b/4a/f06b45ab9690d4c37641ec776f7ad691974f4cf6943a73267475b05cbfca/pyparsing-2.2.2-py2.py3-none-any.whl
  Using cached https://files.pythonhosted.org/packages/2b/4a/f06b45ab9690d4c37641ec776f7ad691974f4cf6943a73267475b05cbfca/pyparsing-2.2.2-py2.py3-none-any.whl
Requirement already satisfied: python-dateutil==2.7.3 in /share/hpcc/CPU/anaconda/3-5.3.1/lib/python3.7/site-packages (from -r requirements.txt (line 18)) (2.7.3)
Requirement already satisfied: python-dateutil==2.7.3 in /share/hpcc/CPU/anaconda/3-5.3.1/lib/python3.7/site-packages (from -r requirements.txt (line 18)) (2.7.3)
Requirement already satisfied: python-dateutil==2.7.3 in /share/hpcc/CPU/anaconda/3-5.3.1/lib/python3.7/site-packages (from -r requirements.txt (line 18)) (2.7.3)
Requirement already satisfied: python-dateutil==2.7.3 in /share/hpcc/CPU/anaconda/3-5.3.1/lib/python3.7/site-packages (from -r requirements.txt (line 18)) (2.7.3)
Requirement already satisfied: python-dateutil==2.7.3 in /share/hpcc/CPU/anaconda/3-5.3.1/lib/python3.7/site-packages (from -r requirements.txt (line 18)) (2.7.3)
Requirement already satisfied: python-dateutil==2.7.3 in /share/hpcc/CPU/anaconda/3-5.3.1/lib/python3.7/site-packages (from -r requirements.txt (line 18)) (2.7.3)
Requirement already satisfied: pytz==2018.5 in /share/hpcc/CPU/anaconda/3-5.3.1/lib/python3.7/site-packages (from -r requirements.txt (line 19)) (2018.5)
Requirement already satisfied: python-dateutil==2.7.3 in /share/hpcc/CPU/anaconda/3-5.3.1/lib/python3.7/site-packages (from -r requirements.txt (line 18)) (2.7.3)
Requirement already satisfied: python-dateutil==2.7.3 in /share/hpcc/CPU/anaconda/3-5.3.1/lib/python3.7/site-packages (from -r requirements.txt (line 18)) (2.7.3)
Requirement already satisfied: pytz==2018.5 in /share/hpcc/CPU/anaconda/3-5.3.1/lib/python3.7/site-packages (from -r requirements.txt (line 19)) (2018.5)
Requirement already satisfied: pytz==2018.5 in /share/hpcc/CPU/anaconda/3-5.3.1/lib/python3.7/site-packages (from -r requirements.txt (line 19)) (2018.5)
Requirement already satisfied: pytz==2018.5 in /share/hpcc/CPU/anaconda/3-5.3.1/lib/python3.7/site-packages (from -r requirements.txt (line 19)) (2018.5)
Requirement already satisfied: pytz==2018.5 in /share/hpcc/CPU/anaconda/3-5.3.1/lib/python3.7/site-packages (from -r requirements.txt (line 19)) (2018.5)
Requirement already satisfied: pytz==2018.5 in /share/hpcc/CPU/anaconda/3-5.3.1/lib/python3.7/site-packages (from -r requirements.txt (line 19)) (2018.5)
Requirement already satisfied: pytz==2018.5 in /share/hpcc/CPU/anaconda/3-5.3.1/lib/python3.7/site-packages (from -r requirements.txt (line 19)) (2018.5)
Requirement already satisfied: pytz==2018.5 in /share/hpcc/CPU/anaconda/3-5.3.1/lib/python3.7/site-packages (from -r requirements.txt (line 19)) (2018.5)
Requirement already satisfied: six==1.11.0 in /share/hpcc/CPU/anaconda/3-5.3.1/lib/python3.7/site-packages (from -r requirements.txt (line 20)) (1.11.0)
Requirement already satisfied: six==1.11.0 in /share/hpcc/CPU/anaconda/3-5.3.1/lib/python3.7/site-packages (from -r requirements.txt (line 20)) (1.11.0)
Requirement already satisfied: six==1.11.0 in /share/hpcc/CPU/anaconda/3-5.3.1/lib/python3.7/site-packages (from -r requirements.txt (line 20)) (1.11.0)
Requirement already satisfied: six==1.11.0 in /share/hpcc/CPU/anaconda/3-5.3.1/lib/python3.7/site-packages (from -r requirements.txt (line 20)) (1.11.0)
Requirement already satisfied: six==1.11.0 in /share/hpcc/CPU/anaconda/3-5.3.1/lib/python3.7/site-packages (from -r requirements.txt (line 20)) (1.11.0)
Requirement already satisfied: six==1.11.0 in /share/hpcc/CPU/anaconda/3-5.3.1/lib/python3.7/site-packages (from -r requirements.txt (line 20)) (1.11.0)
Requirement already satisfied: six==1.11.0 in /share/hpcc/CPU/anaconda/3-5.3.1/lib/python3.7/site-packages (from -r requirements.txt (line 20)) (1.11.0)
Requirement already satisfied: six==1.11.0 in /share/hpcc/CPU/anaconda/3-5.3.1/lib/python3.7/site-packages (from -r requirements.txt (line 20)) (1.11.0)
Collecting toml==0.9.6 (from -r requirements.txt (line 21))
Collecting toml==0.9.6 (from -r requirements.txt (line 21))
Collecting toml==0.9.6 (from -r requirements.txt (line 21))
Collecting toml==0.9.6 (from -r requirements.txt (line 21))
Collecting toml==0.9.6 (from -r requirements.txt (line 21))
Collecting toml==0.9.6 (from -r requirements.txt (line 21))
Collecting toml==0.9.6 (from -r requirements.txt (line 21))
Collecting toml==0.9.6 (from -r requirements.txt (line 21))
  Using cached https://files.pythonhosted.org/packages/c7/19/76c3cb84949a0593767b32b9be83a604d8a68c3580ff5d0ee64856b39ade/toml-0.9.6-py2.py3-none-any.whl
  Using cached https://files.pythonhosted.org/packages/c7/19/76c3cb84949a0593767b32b9be83a604d8a68c3580ff5d0ee64856b39ade/toml-0.9.6-py2.py3-none-any.whl
  Using cached https://files.pythonhosted.org/packages/c7/19/76c3cb84949a0593767b32b9be83a604d8a68c3580ff5d0ee64856b39ade/toml-0.9.6-py2.py3-none-any.whl
  Using cached https://files.pythonhosted.org/packages/c7/19/76c3cb84949a0593767b32b9be83a604d8a68c3580ff5d0ee64856b39ade/toml-0.9.6-py2.py3-none-any.whl
  Using cached https://files.pythonhosted.org/packages/c7/19/76c3cb84949a0593767b32b9be83a604d8a68c3580ff5d0ee64856b39ade/toml-0.9.6-py2.py3-none-any.whl
  Using cached https://files.pythonhosted.org/packages/c7/19/76c3cb84949a0593767b32b9be83a604d8a68c3580ff5d0ee64856b39ade/toml-0.9.6-py2.py3-none-any.whl
  Using cached https://files.pythonhosted.org/packages/c7/19/76c3cb84949a0593767b32b9be83a604d8a68c3580ff5d0ee64856b39ade/toml-0.9.6-py2.py3-none-any.whl
  Using cached https://files.pythonhosted.org/packages/c7/19/76c3cb84949a0593767b32b9be83a604d8a68c3580ff5d0ee64856b39ade/toml-0.9.6-py2.py3-none-any.whl
Collecting typed-ast==1.4.0 (from -r requirements.txt (line 22))
Collecting typed-ast==1.4.0 (from -r requirements.txt (line 22))
Collecting typed-ast==1.4.0 (from -r requirements.txt (line 22))
Collecting typed-ast==1.4.0 (from -r requirements.txt (line 22))
Collecting typed-ast==1.4.0 (from -r requirements.txt (line 22))
Collecting typed-ast==1.4.0 (from -r requirements.txt (line 22))
Collecting typed-ast==1.4.0 (from -r requirements.txt (line 22))
Collecting typed-ast==1.4.0 (from -r requirements.txt (line 22))
  Using cached https://files.pythonhosted.org/packages/fb/56/dd4e168a0009da85c78c6cfe91f5b2df2c7bbed60f3ba778c4a71289e6fb/typed_ast-1.4.0-cp37-cp37m-manylinux1_x86_64.whl
  Using cached https://files.pythonhosted.org/packages/fb/56/dd4e168a0009da85c78c6cfe91f5b2df2c7bbed60f3ba778c4a71289e6fb/typed_ast-1.4.0-cp37-cp37m-manylinux1_x86_64.whl
  Using cached https://files.pythonhosted.org/packages/fb/56/dd4e168a0009da85c78c6cfe91f5b2df2c7bbed60f3ba778c4a71289e6fb/typed_ast-1.4.0-cp37-cp37m-manylinux1_x86_64.whl
  Using cached https://files.pythonhosted.org/packages/fb/56/dd4e168a0009da85c78c6cfe91f5b2df2c7bbed60f3ba778c4a71289e6fb/typed_ast-1.4.0-cp37-cp37m-manylinux1_x86_64.whl
  Using cached https://files.pythonhosted.org/packages/fb/56/dd4e168a0009da85c78c6cfe91f5b2df2c7bbed60f3ba778c4a71289e6fb/typed_ast-1.4.0-cp37-cp37m-manylinux1_x86_64.whl
  Using cached https://files.pythonhosted.org/packages/fb/56/dd4e168a0009da85c78c6cfe91f5b2df2c7bbed60f3ba778c4a71289e6fb/typed_ast-1.4.0-cp37-cp37m-manylinux1_x86_64.whl
  Using cached https://files.pythonhosted.org/packages/fb/56/dd4e168a0009da85c78c6cfe91f5b2df2c7bbed60f3ba778c4a71289e6fb/typed_ast-1.4.0-cp37-cp37m-manylinux1_x86_64.whl
  Using cached https://files.pythonhosted.org/packages/fb/56/dd4e168a0009da85c78c6cfe91f5b2df2c7bbed60f3ba778c4a71289e6fb/typed_ast-1.4.0-cp37-cp37m-manylinux1_x86_64.whl
Collecting wrapt==1.12.1 (from -r requirements.txt (line 23))
Collecting wrapt==1.12.1 (from -r requirements.txt (line 23))
Collecting wrapt==1.12.1 (from -r requirements.txt (line 23))
Collecting wrapt==1.12.1 (from -r requirements.txt (line 23))
Collecting wrapt==1.12.1 (from -r requirements.txt (line 23))
Collecting wrapt==1.12.1 (from -r requirements.txt (line 23))
Collecting wrapt==1.12.1 (from -r requirements.txt (line 23))
Collecting wrapt==1.12.1 (from -r requirements.txt (line 23))
Collecting pyyaml==5.4.1 (from -r requirements.txt (line 24))
Collecting pyyaml==5.4.1 (from -r requirements.txt (line 24))
Collecting pyyaml==5.4.1 (from -r requirements.txt (line 24))
Collecting pyyaml==5.4.1 (from -r requirements.txt (line 24))
Collecting pyyaml==5.4.1 (from -r requirements.txt (line 24))
Collecting pyyaml==5.4.1 (from -r requirements.txt (line 24))
Collecting pyyaml==5.4.1 (from -r requirements.txt (line 24))
Collecting pyyaml==5.4.1 (from -r requirements.txt (line 24))
  Using cached https://files.pythonhosted.org/packages/7a/a5/393c087efdc78091afa2af9f1378762f9821c9c1d7a22c5753fb5ac5f97a/PyYAML-5.4.1-cp37-cp37m-manylinux1_x86_64.whl
  Using cached https://files.pythonhosted.org/packages/7a/a5/393c087efdc78091afa2af9f1378762f9821c9c1d7a22c5753fb5ac5f97a/PyYAML-5.4.1-cp37-cp37m-manylinux1_x86_64.whl
  Using cached https://files.pythonhosted.org/packages/7a/a5/393c087efdc78091afa2af9f1378762f9821c9c1d7a22c5753fb5ac5f97a/PyYAML-5.4.1-cp37-cp37m-manylinux1_x86_64.whl
  Using cached https://files.pythonhosted.org/packages/7a/a5/393c087efdc78091afa2af9f1378762f9821c9c1d7a22c5753fb5ac5f97a/PyYAML-5.4.1-cp37-cp37m-manylinux1_x86_64.whl
  Using cached https://files.pythonhosted.org/packages/7a/a5/393c087efdc78091afa2af9f1378762f9821c9c1d7a22c5753fb5ac5f97a/PyYAML-5.4.1-cp37-cp37m-manylinux1_x86_64.whl
  Using cached https://files.pythonhosted.org/packages/7a/a5/393c087efdc78091afa2af9f1378762f9821c9c1d7a22c5753fb5ac5f97a/PyYAML-5.4.1-cp37-cp37m-manylinux1_x86_64.whl
  Using cached https://files.pythonhosted.org/packages/7a/a5/393c087efdc78091afa2af9f1378762f9821c9c1d7a22c5753fb5ac5f97a/PyYAML-5.4.1-cp37-cp37m-manylinux1_x86_64.whl
  Using cached https://files.pythonhosted.org/packages/7a/a5/393c087efdc78091afa2af9f1378762f9821c9c1d7a22c5753fb5ac5f97a/PyYAML-5.4.1-cp37-cp37m-manylinux1_x86_64.whl
Collecting pycuda==2019.1.2 (from -r requirements.txt (line 25))
Collecting pycuda==2019.1.2 (from -r requirements.txt (line 25))
Collecting pycuda==2019.1.2 (from -r requirements.txt (line 25))
Collecting pycuda==2019.1.2 (from -r requirements.txt (line 25))
Collecting pycuda==2019.1.2 (from -r requirements.txt (line 25))
Collecting pycuda==2019.1.2 (from -r requirements.txt (line 25))
Collecting pycuda==2019.1.2 (from -r requirements.txt (line 25))
Collecting pycuda==2019.1.2 (from -r requirements.txt (line 25))
Requirement already satisfied: setuptools in /share/hpcc/CPU/anaconda/3-5.3.1/lib/python3.7/site-packages (from kiwisolver==1.0.1->-r requirements.txt (line 9)) (40.2.0)
Requirement already satisfied: setuptools in /share/hpcc/CPU/anaconda/3-5.3.1/lib/python3.7/site-packages (from kiwisolver==1.0.1->-r requirements.txt (line 9)) (40.2.0)
Requirement already satisfied: setuptools in /share/hpcc/CPU/anaconda/3-5.3.1/lib/python3.7/site-packages (from kiwisolver==1.0.1->-r requirements.txt (line 9)) (40.2.0)
Requirement already satisfied: setuptools in /share/hpcc/CPU/anaconda/3-5.3.1/lib/python3.7/site-packages (from kiwisolver==1.0.1->-r requirements.txt (line 9)) (40.2.0)
Requirement already satisfied: setuptools in /share/hpcc/CPU/anaconda/3-5.3.1/lib/python3.7/site-packages (from kiwisolver==1.0.1->-r requirements.txt (line 9)) (40.2.0)
Requirement already satisfied: setuptools in /share/hpcc/CPU/anaconda/3-5.3.1/lib/python3.7/site-packages (from kiwisolver==1.0.1->-r requirements.txt (line 9)) (40.2.0)
Requirement already satisfied: setuptools in /share/hpcc/CPU/anaconda/3-5.3.1/lib/python3.7/site-packages (from kiwisolver==1.0.1->-r requirements.txt (line 9)) (40.2.0)
Requirement already satisfied: setuptools in /share/hpcc/CPU/anaconda/3-5.3.1/lib/python3.7/site-packages (from kiwisolver==1.0.1->-r requirements.txt (line 9)) (40.2.0)
Requirement already satisfied: decorator>=3.2.0 in /share/hpcc/CPU/anaconda/3-5.3.1/lib/python3.7/site-packages (from pycuda==2019.1.2->-r requirements.txt (line 25)) (4.3.0)
Requirement already satisfied: decorator>=3.2.0 in /share/hpcc/CPU/anaconda/3-5.3.1/lib/python3.7/site-packages (from pycuda==2019.1.2->-r requirements.txt (line 25)) (4.3.0)
Collecting pytools>=2011.2 (from pycuda==2019.1.2->-r requirements.txt (line 25))
Collecting mako (from pycuda==2019.1.2->-r requirements.txt (line 25))
Collecting mako (from pycuda==2019.1.2->-r requirements.txt (line 25))
Collecting mako (from pycuda==2019.1.2->-r requirements.txt (line 25))
Collecting pytools>=2011.2 (from pycuda==2019.1.2->-r requirements.txt (line 25))
Collecting pytools>=2011.2 (from pycuda==2019.1.2->-r requirements.txt (line 25))
Collecting pytools>=2011.2 (from pycuda==2019.1.2->-r requirements.txt (line 25))
Collecting mako (from pycuda==2019.1.2->-r requirements.txt (line 25))
  Using cached https://files.pythonhosted.org/packages/f3/54/dbc07fbb20865d3b78fdb7cf7fa713e2cba4f87f71100074ef2dc9f9d1f7/Mako-1.1.4-py2.py3-none-any.whl
  Using cached https://files.pythonhosted.org/packages/f3/54/dbc07fbb20865d3b78fdb7cf7fa713e2cba4f87f71100074ef2dc9f9d1f7/Mako-1.1.4-py2.py3-none-any.whl
  Using cached https://files.pythonhosted.org/packages/f3/54/dbc07fbb20865d3b78fdb7cf7fa713e2cba4f87f71100074ef2dc9f9d1f7/Mako-1.1.4-py2.py3-none-any.whl
  Using cached https://files.pythonhosted.org/packages/f3/54/dbc07fbb20865d3b78fdb7cf7fa713e2cba4f87f71100074ef2dc9f9d1f7/Mako-1.1.4-py2.py3-none-any.whl
Requirement already satisfied: decorator>=3.2.0 in /share/hpcc/CPU/anaconda/3-5.3.1/lib/python3.7/site-packages (from pycuda==2019.1.2->-r requirements.txt (line 25)) (4.3.0)
Requirement already satisfied: decorator>=3.2.0 in /share/hpcc/CPU/anaconda/3-5.3.1/lib/python3.7/site-packages (from pycuda==2019.1.2->-r requirements.txt (line 25)) (4.3.0)
Requirement already satisfied: decorator>=3.2.0 in /share/hpcc/CPU/anaconda/3-5.3.1/lib/python3.7/site-packages (from pycuda==2019.1.2->-r requirements.txt (line 25)) (4.3.0)
Requirement already satisfied: decorator>=3.2.0 in /share/hpcc/CPU/anaconda/3-5.3.1/lib/python3.7/site-packages (from pycuda==2019.1.2->-r requirements.txt (line 25)) (4.3.0)
Requirement already satisfied: decorator>=3.2.0 in /share/hpcc/CPU/anaconda/3-5.3.1/lib/python3.7/site-packages (from pycuda==2019.1.2->-r requirements.txt (line 25)) (4.3.0)
Collecting mako (from pycuda==2019.1.2->-r requirements.txt (line 25))
Collecting pytools>=2011.2 (from pycuda==2019.1.2->-r requirements.txt (line 25))
Collecting mako (from pycuda==2019.1.2->-r requirements.txt (line 25))
Collecting pytools>=2011.2 (from pycuda==2019.1.2->-r requirements.txt (line 25))
Collecting pytools>=2011.2 (from pycuda==2019.1.2->-r requirements.txt (line 25))
Collecting mako (from pycuda==2019.1.2->-r requirements.txt (line 25))
Collecting pytools>=2011.2 (from pycuda==2019.1.2->-r requirements.txt (line 25))
Collecting mako (from pycuda==2019.1.2->-r requirements.txt (line 25))
  Using cached https://files.pythonhosted.org/packages/f3/54/dbc07fbb20865d3b78fdb7cf7fa713e2cba4f87f71100074ef2dc9f9d1f7/Mako-1.1.4-py2.py3-none-any.whl
  Using cached https://files.pythonhosted.org/packages/f3/54/dbc07fbb20865d3b78fdb7cf7fa713e2cba4f87f71100074ef2dc9f9d1f7/Mako-1.1.4-py2.py3-none-any.whl
  Using cached https://files.pythonhosted.org/packages/f3/54/dbc07fbb20865d3b78fdb7cf7fa713e2cba4f87f71100074ef2dc9f9d1f7/Mako-1.1.4-py2.py3-none-any.whl
  Using cached https://files.pythonhosted.org/packages/f3/54/dbc07fbb20865d3b78fdb7cf7fa713e2cba4f87f71100074ef2dc9f9d1f7/Mako-1.1.4-py2.py3-none-any.whl
Requirement already satisfied: MarkupSafe>=0.9.2 in /share/hpcc/CPU/anaconda/3-5.3.1/lib/python3.7/site-packages (from mako->pycuda==2019.1.2->-r requirements.txt (line 25)) (1.0)
Requirement already satisfied: decorator>=3.2.0 in /share/hpcc/CPU/anaconda/3-5.3.1/lib/python3.7/site-packages (from pycuda==2019.1.2->-r requirements.txt (line 25)) (4.3.0)
Requirement already satisfied: MarkupSafe>=0.9.2 in /share/hpcc/CPU/anaconda/3-5.3.1/lib/python3.7/site-packages (from mako->pycuda==2019.1.2->-r requirements.txt (line 25)) (1.0)
Requirement already satisfied: MarkupSafe>=0.9.2 in /share/hpcc/CPU/anaconda/3-5.3.1/lib/python3.7/site-packages (from mako->pycuda==2019.1.2->-r requirements.txt (line 25)) (1.0)
Requirement already satisfied: MarkupSafe>=0.9.2 in /share/hpcc/CPU/anaconda/3-5.3.1/lib/python3.7/site-packages (from mako->pycuda==2019.1.2->-r requirements.txt (line 25)) (1.0)
Requirement already satisfied: MarkupSafe>=0.9.2 in /share/hpcc/CPU/anaconda/3-5.3.1/lib/python3.7/site-packages (from mako->pycuda==2019.1.2->-r requirements.txt (line 25)) (1.0)
Requirement already satisfied: MarkupSafe>=0.9.2 in /share/hpcc/CPU/anaconda/3-5.3.1/lib/python3.7/site-packages (from mako->pycuda==2019.1.2->-r requirements.txt (line 25)) (1.0)
Requirement already satisfied: MarkupSafe>=0.9.2 in /share/hpcc/CPU/anaconda/3-5.3.1/lib/python3.7/site-packages (from mako->pycuda==2019.1.2->-r requirements.txt (line 25)) (1.0)
Requirement already satisfied: MarkupSafe>=0.9.2 in /share/hpcc/CPU/anaconda/3-5.3.1/lib/python3.7/site-packages (from mako->pycuda==2019.1.2->-r requirements.txt (line 25)) (1.0)
Installing collected packages: lazy-object-proxy, wrapt, typed-ast, astroid, graphviz, greenery, pyparsing, matplotlib, mpmath, pylint, toml, pyyaml, mako, pytools, pycuda
Installing collected packages: lazy-object-proxy, wrapt, typed-ast, astroid, graphviz, greenery, pyparsing, matplotlib, mpmath, pylint, toml, pyyaml, pytools, mako, pycuda
Installing collected packages: wrapt, typed-ast, lazy-object-proxy, astroid, graphviz, greenery, pyparsing, matplotlib, mpmath, pylint, toml, pyyaml, pytools, mako, pycuda
Installing collected packages: typed-ast, wrapt, lazy-object-proxy, astroid, graphviz, greenery, pyparsing, matplotlib, mpmath, pylint, toml, pyyaml, pytools, mako, pycuda
Installing collected packages: lazy-object-proxy, typed-ast, wrapt, astroid, graphviz, greenery, pyparsing, matplotlib, mpmath, pylint, toml, pyyaml, mako, pytools, pycuda
Installing collected packages: lazy-object-proxy, wrapt, typed-ast, astroid, graphviz, greenery, pyparsing, matplotlib, mpmath, pylint, toml, pyyaml, pytools, mako, pycuda
Installing collected packages: lazy-object-proxy, wrapt, typed-ast, astroid, graphviz, greenery, pyparsing, matplotlib, mpmath, pylint, toml, pyyaml, mako, pytools, pycuda
Installing collected packages: wrapt, lazy-object-proxy, typed-ast, astroid, graphviz, greenery, pyparsing, matplotlib, mpmath, pylint, toml, pyyaml, mako, pytools, pycuda
Successfully installed astroid-2.5.6 graphviz-0.10.1 greenery-3.1 lazy-object-proxy-1.4.0 mako-1.1.4 matplotlib-3.0.0 mpmath-1.1.0 pycuda-2019.1.2 pylint-2.3.1 pyparsing-2.2.2 pytools-2021.2.7 pyyaml-5.4.1 toml-0.9.6 typed-ast-1.4.0 wrapt-1.12.1
Successfully installed astroid-2.5.6 graphviz-0.10.1 greenery-3.1 lazy-object-proxy-1.4.0 mako-1.1.4 matplotlib-3.0.0 mpmath-1.1.0 pycuda-2019.1.2 pylint-2.3.1 pyparsing-2.2.2 pytools-2021.2.7 pyyaml-5.4.1 toml-0.9.6 typed-ast-1.4.0 wrapt-1.12.1
